TN:
SF:src/CHANGELOG.tsx
FNF:0
FNH:0
LF:0
LH:0
BRF:0
BRH:0
end_of_record
TN:
SF:src/CONTRIBUTORS.ts
FN:41,avatar
FNF:1
FNH:1
FNDA:1113,avatar
DA:43,1113
DA:46,1113
DA:47,1113
DA:49,0
DA:54,21
DA:60,21
DA:98,21
DA:110,21
DA:114,21
DA:118,21
DA:122,21
DA:135,21
DA:140,21
DA:145,21
DA:149,21
DA:153,21
DA:157,21
DA:161,21
DA:165,21
DA:169,21
DA:173,21
DA:197,21
DA:210,21
DA:214,21
DA:219,21
DA:223,21
DA:236,21
DA:240,21
DA:245,21
DA:274,21
DA:288,21
DA:293,21
DA:297,21
DA:302,21
DA:306,21
DA:310,21
DA:314,21
DA:318,21
DA:322,21
DA:326,21
DA:330,21
DA:334,21
DA:338,21
DA:342,21
DA:346,21
DA:351,21
DA:355,21
DA:359,21
DA:364,21
DA:368,21
DA:372,21
DA:384,21
DA:388,21
DA:400,21
DA:404,21
DA:409,21
DA:445,21
DA:449,21
DA:453,21
DA:457,21
DA:461,21
DA:465,21
DA:469,21
DA:473,21
DA:477,21
DA:481,21
DA:485,21
DA:489,21
DA:493,21
DA:497,21
DA:527,21
DA:531,21
DA:544,21
DA:549,21
DA:554,21
DA:566,21
DA:578,21
DA:599,21
DA:611,21
DA:624,21
DA:630,21
DA:642,21
DA:660,21
DA:673,21
DA:686,21
DA:698,21
DA:710,21
DA:715,21
DA:728,21
DA:739,21
DA:744,21
DA:749,21
DA:753,21
DA:765,21
DA:778,21
DA:794,21
DA:814,21
DA:827,21
DA:839,21
DA:852,21
DA:865,21
DA:869,21
DA:874,21
DA:885,21
DA:901,21
DA:919,21
DA:931,21
DA:943,21
DA:972,21
DA:984,21
DA:988,21
DA:1001,21
DA:1006,21
DA:1010,21
DA:1023,21
DA:1036,21
DA:1042,21
DA:1054,21
DA:1058,21
DA:1094,21
DA:1107,21
DA:1120,21
DA:1124,21
DA:1128,21
DA:1132,21
DA:1136,21
DA:1141,21
DA:1146,21
DA:1160,21
DA:1166,21
DA:1173,21
DA:1187,21
DA:1193,21
DA:1211,21
DA:1223,21
DA:1237,21
DA:1252,21
DA:1270,21
DA:1283,21
DA:1296,21
DA:1310,21
DA:1315,21
DA:1328,21
DA:1341,21
DA:1359,21
DA:1373,21
DA:1391,21
DA:1396,21
DA:1409,21
DA:1422,21
DA:1435,21
DA:1447,21
DA:1460,21
DA:1474,21
DA:1487,21
DA:1500,21
DA:1513,21
DA:1527,21
DA:1540,21
DA:1546,21
DA:1552,21
DA:1558,21
DA:1563,21
DA:1588,21
DA:1601,21
DA:1614,21
DA:1619,21
DA:1633,21
DA:1646,21
DA:1658,21
DA:1671,21
DA:1684,21
DA:1702,21
DA:1715,21
DA:1728,21
DA:1733,21
DA:1738,21
DA:1763,21
DA:1775,21
DA:1783,21
DA:1796,21
LF:181
LH:180
BRDA:46,0,0,1113
BRDA:46,0,1,0
BRF:2
BRH:1
end_of_record
TN:
SF:src/Root.tsx
FN:19,(anonymous_0)
FNF:1
FNH:1
FNDA:1,(anonymous_0)
DA:13,1
DA:19,1
DA:20,1
LF:3
LH:3
BRDA:24,0,0,1
BRDA:24,0,1,1
BRF:2
BRH:2
end_of_record
TN:
SF:src/index.tsx
FNF:0
FNH:0
DA:7,0
LF:1
LH:0
BRF:0
BRH:0
end_of_record
TN:
SF:src/mergeAllChangelogs.ts
FN:9,mergeAllChangelogs
FN:11,(anonymous_1)
FN:12,(anonymous_2)
FNF:3
FNH:3
FNDA:1,mergeAllChangelogs
FNDA:45,(anonymous_1)
FNDA:820,(anonymous_2)
DA:10,1
DA:11,1
DA:12,45
DA:13,820
DA:19,1
LF:5
LH:5
BRF:0
BRH:0
end_of_record
TN:
SF:src/articles/index.ts
FNF:0
FNH:0
DA:1,1
LF:1
LH:1
BRF:0
BRH:0
end_of_record
TN:
SF:src/articles/2017-01-31-About/index.tsx
FNF:0
FNH:0
DA:5,0
LF:1
LH:0
BRF:0
BRH:0
end_of_record
TN:
SF:src/articles/2017-01-31-UnlistedLogs/index.tsx
FNF:0
FNH:0
DA:4,0
LF:1
LH:0
BRF:0
BRH:0
end_of_record
TN:
SF:src/articles/2017-10-21-DiscordBot/index.tsx
FNF:0
FNH:0
LF:0
LH:0
BRF:0
BRH:0
end_of_record
TN:
SF:src/articles/2017-11-26-Updated-for-Antorus/index.tsx
FNF:0
FNH:0
LF:0
LH:0
BRF:0
BRH:0
end_of_record
TN:
SF:src/articles/2017-12-24-Version-2-0/index.tsx
FNF:0
FNH:0
LF:0
LH:0
BRF:0
BRH:0
end_of_record
TN:
SF:src/articles/2018-01-31-1st-Anniversary/Timeline.js
FN:5,(anonymous_0)
FNF:1
FNH:0
FNDA:0,(anonymous_0)
DA:5,0
DA:6,0
LF:2
LH:0
BRF:0
BRH:0
end_of_record
TN:
SF:src/articles/2018-01-31-1st-Anniversary/TimelineItem.js
FN:3,(anonymous_0)
FNF:1
FNH:0
FNDA:0,(anonymous_0)
DA:3,0
DA:4,0
DA:12,0
LF:3
LH:0
BRF:0
BRH:0
end_of_record
TN:
SF:src/articles/2018-01-31-1st-Anniversary/TimelineItemImage.js
FN:3,(anonymous_0)
FNF:1
FNH:0
FNDA:0,(anonymous_0)
DA:3,0
DA:4,0
DA:11,0
LF:3
LH:0
BRDA:4,0,0,0
BRDA:4,0,1,0
BRF:2
BRH:0
end_of_record
TN:
SF:src/articles/2018-01-31-1st-Anniversary/index.tsx
FN:110,(anonymous_0)
FN:120,(anonymous_1)
FN:123,(anonymous_2)
FN:1956,(anonymous_3)
FNF:4
FNH:0
FNDA:0,(anonymous_0)
FNDA:0,(anonymous_1)
FNDA:0,(anonymous_2)
FNDA:0,(anonymous_3)
DA:110,0
DA:111,0
DA:120,0
DA:121,0
DA:123,0
DA:124,0
DA:1836,0
DA:1957,0
LF:8
LH:0
BRDA:1936,0,0,0
BRDA:1936,0,1,0
BRDA:1938,1,0,0
BRDA:1938,1,1,0
BRF:4
BRH:0
end_of_record
TN:
SF:src/articles/2018-04-14-Battle-For-Azeroth/index.tsx
FNF:0
FNH:0
LF:0
LH:0
BRF:0
BRH:0
end_of_record
TN:
SF:src/articles/2018-06-18-Premium/index.tsx
FNF:0
FNH:0
LF:0
LH:0
BRF:0
BRH:0
end_of_record
TN:
SF:src/articles/2018-07-06-FightDowntime/index.tsx
FNF:0
FNH:0
LF:0
LH:0
BRF:0
BRH:0
end_of_record
TN:
SF:src/articles/2018-07-18-Prepatch/index.tsx
FNF:0
FNH:0
LF:0
LH:0
BRF:0
BRH:0
end_of_record
TN:
SF:src/articles/2018-08-03-DevotionAura/index.tsx
FNF:0
FNH:0
LF:0
LH:0
BRF:0
BRH:0
end_of_record
TN:
SF:src/articles/2018-09-30-Suggestions/index.tsx
FNF:0
FNH:0
LF:0
LH:0
BRF:0
BRH:0
end_of_record
TN:
SF:src/articles/2019-01-31-2nd-Anniversary/index.tsx
FNF:0
FNH:0
LF:0
LH:0
BRF:0
BRH:0
end_of_record
TN:
SF:src/articles/2019-07-20-Time-Filtering/index.tsx
FNF:0
FNH:0
LF:0
LH:0
BRF:0
BRH:0
end_of_record
TN:
SF:src/articles/2020-10-02-Hacktoberfest/index.tsx
FNF:0
FNH:0
LF:0
LH:0
BRF:0
BRH:0
end_of_record
TN:
SF:src/articles/2020-11-17-SL-Prepatch/index.tsx
FNF:0
FNH:0
LF:0
LH:0
BRF:0
BRH:0
end_of_record
TN:
SF:src/common/WCL_TYPES.ts
FNF:0
FNH:0
LF:0
LH:0
BRF:0
BRH:0
end_of_record
TN:
SF:src/common/abbreviateLongNames.ts
FN:1,abbreviateBossNames
FNF:1
FNH:1
FNDA:742,abbreviateBossNames
DA:2,742
DA:3,0
DA:5,742
DA:6,742
DA:7,742
DA:8,742
DA:9,0
DA:11,742
DA:14,742
LF:9
LH:7
BRDA:2,0,0,0
BRDA:2,0,1,742
BRDA:8,1,0,0
BRDA:8,1,1,742
BRF:4
BRH:2
end_of_record
TN:
SF:src/common/aprilFools.ts
FN:6,isItAprilFoolDay
FNF:1
FNH:0
FNDA:0,isItAprilFoolDay
DA:1,0
DA:7,0
DA:8,0
LF:3
LH:0
BRDA:8,0,0,0
BRDA:8,0,1,0
BRF:2
BRH:0
end_of_record
TN:
SF:src/common/changelog.ts
FN:10,date
FN:16,change
FNF:2
FNH:2
FNDA:17832,date
FNDA:17832,change
DA:12,17832
DA:13,17832
DA:21,17832
DA:22,0
DA:24,17832
DA:25,0
DA:30,17832
LF:7
LH:5
BRDA:21,0,0,0
BRDA:21,0,1,17832
BRDA:24,1,0,0
BRDA:24,1,1,17832
BRDA:24,2,0,17832
BRDA:24,2,1,6
BRDA:33,3,0,6
BRDA:33,3,1,17826
BRF:8
BRH:6
end_of_record
TN:
SF:src/common/character.ts
FNF:0
FNH:0
LF:0
LH:0
BRF:0
BRH:0
end_of_record
TN:
SF:src/common/colorForPerformance.ts
FN:1,colorForPerformance
FNF:1
FNH:1
FNDA:1324,colorForPerformance
DA:2,1324
DA:3,663
DA:4,661
DA:5,127
DA:6,534
DA:7,67
DA:8,467
DA:9,70
DA:11,397
LF:9
LH:9
BRDA:2,0,0,663
BRDA:2,0,1,661
BRDA:4,1,0,127
BRDA:4,1,1,534
BRDA:6,2,0,67
BRDA:6,2,1,467
BRDA:8,3,0,70
BRDA:8,3,1,397
BRF:8
BRH:8
end_of_record
TN:
SF:src/common/contributor.ts
FNF:0
FNH:0
LF:0
LH:0
BRF:0
BRH:0
end_of_record
TN:
SF:src/common/errorLogger.ts
FN:1,captureException
FN:10,(anonymous_1)
FNF:2
FNH:0
FNDA:0,captureException
FNDA:0,(anonymous_1)
DA:8,0
DA:9,0
DA:10,0
DA:11,0
DA:12,0
DA:14,0
DA:17,0
LF:7
LH:0
BRDA:8,0,0,0
BRDA:8,0,1,0
BRDA:11,1,0,0
BRDA:11,1,1,0
BRDA:11,2,0,0
BRDA:11,2,1,0
BRF:6
BRH:0
end_of_record
TN:
SF:src/common/fabricateBossPhaseEvents.js
FN:10,createPhaseStartEvent
FN:21,createPhaseEndEvent
FN:64,fabricateBossPhaseEvents
FN:77,(anonymous_3)
FN:89,(anonymous_4)
FN:102,(anonymous_5)
FN:121,(anonymous_6)
FN:145,(anonymous_7)
FN:150,(anonymous_8)
FN:151,(anonymous_9)
FN:163,(anonymous_10)
FN:166,(anonymous_11)
FN:182,(anonymous_12)
FN:185,(anonymous_13)
FN:188,(anonymous_14)
FN:189,(anonymous_15)
FN:199,(anonymous_16)
FN:208,(anonymous_17)
FN:209,(anonymous_18)
FN:219,(anonymous_19)
FN:221,(anonymous_20)
FN:236,(anonymous_21)
FN:239,(anonymous_22)
FN:241,(anonymous_23)
FN:243,(anonymous_24)
FNF:25
FNH:0
FNDA:0,createPhaseStartEvent
FNDA:0,createPhaseEndEvent
FNDA:0,fabricateBossPhaseEvents
FNDA:0,(anonymous_3)
FNDA:0,(anonymous_4)
FNDA:0,(anonymous_5)
FNDA:0,(anonymous_6)
FNDA:0,(anonymous_7)
FNDA:0,(anonymous_8)
FNDA:0,(anonymous_9)
FNDA:0,(anonymous_10)
FNDA:0,(anonymous_11)
FNDA:0,(anonymous_12)
FNDA:0,(anonymous_13)
FNDA:0,(anonymous_14)
FNDA:0,(anonymous_15)
FNDA:0,(anonymous_16)
FNDA:0,(anonymous_17)
FNDA:0,(anonymous_18)
FNDA:0,(anonymous_19)
FNDA:0,(anonymous_20)
FNDA:0,(anonymous_21)
FNDA:0,(anonymous_22)
FNDA:0,(anonymous_23)
FNDA:0,(anonymous_24)
DA:4,1
DA:11,0
DA:18,0
DA:22,0
DA:29,0
DA:65,0
DA:66,0
DA:68,0
DA:69,0
DA:70,0
DA:71,0
DA:77,0
DA:78,0
DA:81,0
DA:82,0
DA:89,0
DA:90,0
DA:91,0
DA:92,0
DA:101,0
DA:103,0
DA:107,0
DA:112,0
DA:114,0
DA:117,0
DA:118,0
DA:121,0
DA:122,0
DA:129,0
DA:132,0
DA:135,0
DA:137,0
DA:139,0
DA:140,0
DA:141,0
DA:143,0
DA:145,0
DA:149,0
DA:150,0
DA:152,0
DA:160,0
DA:163,0
DA:164,0
DA:165,0
DA:167,0
DA:170,0
DA:171,0
DA:179,0
DA:182,0
DA:183,0
DA:184,0
DA:185,0
DA:188,0
DA:189,0
DA:191,0
DA:192,0
DA:193,0
DA:194,0
DA:196,0
DA:199,0
DA:200,0
DA:208,0
DA:209,0
DA:211,0
DA:212,0
DA:213,0
DA:214,0
DA:216,0
DA:219,0
DA:220,0
DA:221,0
DA:223,0
DA:226,0
DA:229,0
DA:236,0
DA:237,0
DA:239,0
DA:242,0
DA:243,0
DA:244,0
DA:245,0
DA:247,0
DA:250,0
DA:251,0
DA:253,0
DA:258,0
DA:263,0
DA:265,0
LF:88
LH:1
BRDA:71,0,0,0
BRDA:71,0,1,0
BRDA:72,1,0,0
BRDA:72,1,1,0
BRDA:72,1,2,0
BRDA:72,1,3,0
BRDA:81,2,0,0
BRDA:81,2,1,0
BRDA:81,3,0,0
BRDA:81,3,1,0
BRDA:91,4,0,0
BRDA:91,4,1,0
BRDA:91,5,0,0
BRDA:91,5,1,0
BRDA:92,6,0,0
BRDA:92,6,1,0
BRDA:92,6,2,0
BRDA:92,6,3,0
BRDA:92,6,4,0
BRDA:92,6,5,0
BRDA:92,6,6,0
BRDA:92,6,7,0
BRDA:92,6,8,0
BRDA:92,6,9,0
BRDA:92,6,10,0
BRDA:92,6,11,0
BRDA:103,7,0,0
BRDA:103,7,1,0
BRDA:103,7,2,0
BRDA:103,7,3,0
BRDA:103,7,4,0
BRDA:107,8,0,0
BRDA:107,8,1,0
BRDA:108,9,0,0
BRDA:108,9,1,0
BRDA:108,9,2,0
BRDA:112,10,0,0
BRDA:112,10,1,0
BRDA:125,11,0,0
BRDA:125,11,1,0
BRDA:133,12,0,0
BRDA:133,12,1,0
BRDA:133,13,0,0
BRDA:133,13,1,0
BRDA:135,14,0,0
BRDA:135,14,1,0
BRDA:139,15,0,0
BRDA:139,15,1,0
BRDA:164,16,0,0
BRDA:164,16,1,0
BRDA:167,17,0,0
BRDA:167,17,1,0
BRDA:170,18,0,0
BRDA:170,18,1,0
BRDA:174,19,0,0
BRDA:174,19,1,0
BRDA:183,20,0,0
BRDA:183,20,1,0
BRDA:185,21,0,0
BRDA:185,21,1,0
BRDA:191,22,0,0
BRDA:191,22,1,0
BRDA:193,23,0,0
BRDA:193,23,1,0
BRDA:203,24,0,0
BRDA:203,24,1,0
BRDA:211,25,0,0
BRDA:211,25,1,0
BRDA:213,26,0,0
BRDA:213,26,1,0
BRDA:239,27,0,0
BRDA:239,27,1,0
BRDA:242,28,0,0
BRDA:242,28,1,0
BRDA:243,29,0,0
BRDA:243,29,1,0
BRDA:244,30,0,0
BRDA:244,30,1,0
BRDA:250,31,0,0
BRDA:250,31,1,0
BRF:80
BRH:0
end_of_record
TN:
SF:src/common/fetchWclApi.ts
FN:16,(anonymous_0)
FN:40,fixControlCharacters
FN:45,fixSpellNameEscaping
FN:62,toJson
FN:86,rawFetchWcl
FN:126,fetchWcl
FN:133,(anonymous_6)
FN:135,(anonymous_7)
FN:141,(anonymous_8)
FN:148,(anonymous_9)
FN:158,rawFetchFights
FN:164,fetchFights
FN:181,rawFetchEventsPage
FN:196,fetchEvents
FN:234,fetchCombatants
FNF:15
FNH:3
FNDA:0,(anonymous_0)
FNDA:2,fixControlCharacters
FNDA:2,fixSpellNameEscaping
FNDA:4,toJson
FNDA:0,rawFetchWcl
FNDA:0,fetchWcl
FNDA:0,(anonymous_6)
FNDA:0,(anonymous_7)
FNDA:0,(anonymous_8)
FNDA:0,(anonymous_9)
FNDA:0,rawFetchFights
FNDA:0,fetchFights
FNDA:0,rawFetchEventsPage
FNDA:0,fetchEvents
FNDA:0,fetchCombatants
DA:17,0
DA:18,0
DA:19,0
DA:26,28
DA:38,28
DA:43,2
DA:48,2
DA:50,2
DA:51,4
DA:52,4
DA:53,2
DA:55,2
DA:56,2
DA:57,2
DA:60,2
DA:64,4
DA:65,4
DA:66,4
DA:68,2
DA:69,2
DA:70,2
DA:71,2
DA:72,2
DA:77,0
DA:82,0
DA:87,0
DA:88,0
DA:90,0
DA:91,0
DA:93,0
DA:94,0
DA:98,0
DA:100,0
DA:101,0
DA:102,0
DA:103,0
DA:105,0
DA:106,0
DA:108,0
DA:109,0
DA:111,0
DA:113,0
DA:114,0
DA:115,0
DA:117,0
DA:120,0
DA:123,28
DA:131,0
DA:133,0
DA:134,0
DA:135,0
DA:136,0
DA:137,0
DA:140,0
DA:142,0
DA:143,0
DA:144,0
DA:146,0
DA:149,0
DA:150,0
DA:151,0
DA:153,0
DA:159,0
DA:166,0
DA:167,0
DA:169,0
DA:171,0
DA:173,0
DA:175,0
DA:176,0
DA:179,0
DA:188,0
DA:204,0
DA:206,0
DA:207,0
DA:209,0
DA:211,0
DA:218,0
DA:219,0
DA:220,0
DA:221,0
DA:223,0
DA:224,0
DA:225,0
DA:226,0
DA:229,0
DA:232,0
DA:235,0
LF:88
LH:21
BRDA:52,0,0,2
BRDA:52,0,1,2
BRDA:56,1,0,2
BRDA:56,1,1,0
BRDA:64,2,0,4
BRDA:64,2,1,0
BRDA:68,3,0,2
BRDA:68,3,1,0
BRDA:87,4,0,0
BRDA:87,4,1,0
BRDA:93,5,0,0
BRDA:93,5,1,0
BRDA:100,6,0,0
BRDA:100,6,1,0
BRDA:102,7,0,0
BRDA:102,7,1,0
BRDA:105,8,0,0
BRDA:105,8,1,0
BRDA:108,9,0,0
BRDA:108,9,1,0
BRDA:111,10,0,0
BRDA:111,10,1,0
BRDA:113,11,0,0
BRDA:113,11,1,0
BRDA:114,12,0,0
BRDA:114,12,1,0
BRDA:131,13,0,0
BRDA:131,13,1,0
BRDA:143,14,0,0
BRDA:143,14,1,0
BRDA:150,15,0,0
BRDA:150,15,1,0
BRDA:158,16,0,0
BRDA:158,17,0,0
BRDA:160,18,0,0
BRDA:160,18,1,0
BRDA:161,19,0,0
BRDA:161,19,1,0
BRDA:164,20,0,0
BRDA:167,21,0,0
BRDA:167,21,1,0
BRDA:171,22,0,0
BRDA:171,22,1,0
BRDA:175,23,0,0
BRDA:175,23,1,0
BRDA:202,24,0,0
BRDA:219,25,0,0
BRDA:219,25,1,0
BRDA:220,26,0,0
BRDA:220,26,1,0
BRDA:225,27,0,0
BRDA:225,27,1,0
BRF:52
BRH:5
end_of_record
TN:
SF:src/common/format.ts
FN:5,formatThousands
FN:17,formatNumber
FN:31,formatPercentage
FN:40,formatDuration
FN:57,formatMilliseconds
FN:80,formatNth
FNF:6
FNH:5
FNDA:917,formatThousands
FNDA:642,formatNumber
FNDA:1506,formatPercentage
FNDA:137,formatDuration
FNDA:640,formatMilliseconds
FNDA:0,formatNth
DA:7,917
DA:18,642
DA:19,0
DA:21,642
DA:22,68
DA:24,574
DA:32,1506
DA:41,137
DA:42,137
DA:43,137
DA:44,137
DA:45,137
DA:46,137
DA:47,137
DA:49,137
DA:58,640
DA:59,640
DA:60,640
DA:62,640
DA:63,640
DA:64,640
DA:66,640
DA:67,640
DA:68,640
DA:69,125
DA:71,640
DA:73,640
DA:81,0
LF:28
LH:26
BRDA:7,0,0,917
BRDA:7,0,1,127
BRDA:18,1,0,0
BRDA:18,1,1,642
BRDA:21,2,0,68
BRDA:21,2,1,574
BRDA:31,3,0,1281
BRDA:32,4,0,1506
BRDA:32,4,1,93
BRDA:40,5,0,92
BRDA:42,6,0,0
BRDA:42,6,1,137
BRDA:47,7,0,40
BRDA:47,7,1,97
BRDA:63,8,0,640
BRDA:63,8,1,0
BRDA:68,9,0,125
BRDA:68,9,1,515
BRDA:81,10,0,0
BRDA:81,10,1,0
BRF:20
BRH:15
end_of_record
TN:
SF:src/common/getBossName.ts
FN:5,getBossName
FNF:1
FNH:1
FNDA:6,getBossName
DA:6,6
LF:1
LH:1
BRDA:5,0,0,0
BRDA:6,1,0,6
BRDA:6,1,1,0
BRF:3
BRH:1
end_of_record
TN:
SF:src/common/getFightName.ts
FN:9,getFightName
FNF:1
FNH:1
FNDA:6,getFightName
DA:10,6
DA:11,6
DA:12,6
DA:21,6
DA:23,6
LF:5
LH:5
BRDA:12,0,0,4
BRDA:12,0,1,2
BRF:2
BRH:2
end_of_record
TN:
SF:src/common/getItemQualityLabel.ts
FN:3,getItemQualityLabel
FNF:1
FNH:1
FNDA:8,getItemQualityLabel
DA:4,8
DA:6,0
DA:8,0
DA:10,0
DA:12,0
DA:14,0
DA:16,0
DA:18,0
DA:20,8
LF:9
LH:2
BRDA:4,0,0,0
BRDA:4,0,1,0
BRDA:4,0,2,0
BRDA:4,0,3,0
BRDA:4,0,4,0
BRDA:4,0,5,0
BRDA:4,0,6,0
BRDA:4,0,7,8
BRF:8
BRH:1
end_of_record
TN:
SF:src/common/getRankingColor.ts
FN:2,rankingColor
FNF:1
FNH:1
FNDA:22,rankingColor
DA:3,22
DA:4,22
DA:5,0
DA:6,0
DA:7,0
DA:8,0
DA:9,0
DA:10,0
DA:11,0
DA:12,0
DA:13,0
DA:14,0
DA:16,0
LF:13
LH:2
BRDA:3,0,0,22
BRDA:3,0,1,0
BRDA:5,1,0,0
BRDA:5,1,1,0
BRDA:7,2,0,0
BRDA:7,2,1,0
BRDA:9,3,0,0
BRDA:9,3,1,0
BRDA:11,4,0,0
BRDA:11,4,1,0
BRDA:13,5,0,0
BRDA:13,5,1,0
BRF:12
BRH:1
end_of_record
TN:
SF:src/common/getWipeCount.ts
FN:3,getWipeCount
FN:5,(anonymous_1)
FNF:2
FNH:2
FNDA:6,getWipeCount
FNDA:344,(anonymous_1)
DA:4,6
DA:5,6
DA:6,344
DA:7,40
DA:8,29
DA:12,6
LF:6
LH:6
BRDA:6,0,0,40
BRDA:6,0,1,304
BRDA:7,1,0,29
BRDA:7,1,1,11
BRF:4
BRH:4
end_of_record
TN:
SF:src/common/indexById.js
FN:2,(anonymous_0)
FN:5,(anonymous_1)
FNF:2
FNH:2
FNDA:142,(anonymous_0)
FNDA:98607,(anonymous_1)
DA:2,32
DA:4,142
DA:5,142
DA:6,98607
DA:8,98607
DA:9,0
DA:10,0
DA:13,98607
DA:15,142
LF:9
LH:7
BRDA:8,0,0,0
BRDA:8,0,1,98607
BRDA:9,1,0,0
BRDA:9,1,1,0
BRDA:9,2,0,0
BRDA:9,2,1,0
BRDA:9,2,2,0
BRF:7
BRH:1
end_of_record
TN:
SF:src/common/indexByProperty.ts
FN:2,indexByProperty
FNF:1
FNH:1
FNDA:1,indexByProperty
DA:3,1
DA:4,1
DA:5,1
DA:6,19
DA:7,19
DA:9,1
LF:6
LH:6
BRF:0
BRH:0
end_of_record
TN:
SF:src/common/lazyLoadComponent.js
FN:4,lazyLoadComponent
FN:11,(anonymous_1)
FN:14,(anonymous_2)
FN:23,(anonymous_3)
FNF:4
FNH:4
FNDA:13,lazyLoadComponent
FNDA:2,(anonymous_1)
FNDA:1,(anonymous_2)
FNDA:2,(anonymous_3)
DA:6,13
DA:7,1
DA:12,2
DA:13,1
DA:14,1
DA:15,1
DA:16,1
DA:24,2
DA:25,2
DA:26,1
DA:27,1
DA:29,1
DA:37,13
LF:13
LH:13
BRDA:4,0,0,12
BRDA:13,1,0,1
BRDA:13,1,1,0
BRDA:25,2,0,1
BRDA:25,2,1,1
BRF:5
BRH:4
end_of_record
TN:
SF:src/common/loadScript.ts
FN:1,loadScript
FNF:1
FNH:1
FNDA:1,loadScript
DA:2,1
DA:3,1
DA:4,1
DA:5,1
LF:4
LH:4
BRDA:1,0,0,1
BRF:1
BRH:1
end_of_record
TN:
SF:src/common/makeApiUrl.ts
FN:9,makeApiUrl
FN:15,makeCharacterApiUrl
FN:27,(anonymous_2)
FN:34,(anonymous_3)
FN:37,makeGuildApiUrl
FN:45,(anonymous_5)
FN:48,makeItemApiUrl
FN:50,(anonymous_7)
FN:53,makeSpellApiUrl
FN:55,(anonymous_9)
FNF:10
FNH:1
FNDA:2981,makeApiUrl
FNDA:0,makeCharacterApiUrl
FNDA:0,(anonymous_2)
FNDA:0,(anonymous_3)
FNDA:0,makeGuildApiUrl
FNDA:0,(anonymous_5)
FNDA:0,makeItemApiUrl
FNDA:0,(anonymous_7)
FNDA:0,makeSpellApiUrl
FNDA:0,(anonymous_9)
DA:10,2981
DA:21,0
DA:22,0
DA:23,0
DA:25,0
DA:26,0
DA:27,0
DA:29,0
DA:30,0
DA:31,0
DA:34,0
DA:38,0
DA:39,0
DA:40,0
DA:41,0
DA:42,0
DA:45,0
DA:49,0
DA:50,0
DA:54,0
DA:55,0
LF:21
LH:1
BRDA:9,0,0,2981
BRDA:22,1,0,0
BRDA:22,1,1,0
BRDA:25,2,0,0
BRDA:25,2,1,0
BRDA:25,3,0,0
BRDA:25,3,1,0
BRDA:25,3,2,0
BRDA:30,4,0,0
BRDA:30,4,1,0
BRDA:39,5,0,0
BRDA:39,5,1,0
BRDA:39,6,0,0
BRDA:39,6,1,0
BRDA:39,6,2,0
BRF:15
BRH:1
end_of_record
TN:
SF:src/common/makeCharacterPageUrl.ts
FN:3,makeUrl
FNF:1
FNH:0
FNDA:0,makeUrl
DA:4,0
LF:1
LH:0
BRF:0
BRH:0
end_of_record
TN:
SF:src/common/makeContributorUrl.ts
FN:3,makeContributorUrl
FNF:1
FNH:1
FNDA:50,makeContributorUrl
DA:4,50
LF:1
LH:1
BRF:0
BRH:0
end_of_record
TN:
SF:src/common/makeGuildPageUrl.ts
FN:3,makeUrl
FNF:1
FNH:0
FNDA:0,makeUrl
DA:4,0
LF:1
LH:0
BRF:0
BRH:0
end_of_record
TN:
SF:src/common/makeQueryString.ts
FN:3,makeQueryString
FN:7,(anonymous_1)
FNF:2
FNH:2
FNDA:3048,makeQueryString
FNDA:202,(anonymous_1)
DA:4,3048
DA:6,3048
DA:7,3048
DA:8,202
DA:9,202
DA:10,0
DA:12,202
DA:15,3048
LF:8
LH:7
BRDA:3,0,0,0
BRDA:9,1,0,0
BRDA:9,1,1,202
BRF:3
BRH:1
end_of_record
TN:
SF:src/common/makeUrl.ts
FN:4,makeUrl
FNF:1
FNH:1
FNDA:2981,makeUrl
DA:5,2981
DA:6,2981
LF:2
LH:2
BRDA:4,0,0,0
BRDA:6,1,0,0
BRDA:6,1,1,2981
BRF:3
BRH:1
end_of_record
TN:
SF:src/common/makeWclApiUrl.ts
FN:12,makeWclApiUrl
FNF:1
FNH:0
FNDA:0,makeWclApiUrl
DA:4,28
DA:5,28
DA:6,0
DA:13,0
DA:14,0
LF:5
LH:2
BRDA:4,0,0,28
BRDA:4,0,1,28
BRDA:5,1,0,0
BRDA:5,1,1,28
BRDA:5,2,0,28
BRDA:5,2,1,28
BRDA:12,3,0,0
BRF:7
BRH:5
end_of_record
TN:
SF:src/common/makeWclBossPhaseFilter.js
FN:4,createDecimalFilter
FN:13,makeWclBossPhaseFilter
FN:22,(anonymous_2)
FN:26,(anonymous_3)
FNF:4
FNH:0
FNDA:0,createDecimalFilter
FNDA:0,makeWclBossPhaseFilter
FNDA:0,(anonymous_2)
FNDA:0,(anonymous_3)
DA:6,0
DA:7,0
DA:9,0
DA:10,0
DA:14,0
DA:15,0
DA:21,0
DA:22,0
DA:23,0
DA:26,0
DA:27,0
DA:28,0
DA:29,0
DA:34,0
DA:36,0
DA:38,0
DA:41,0
DA:42,0
DA:46,0
DA:48,0
LF:20
LH:0
BRDA:6,0,0,0
BRDA:6,0,1,0
BRDA:6,1,0,0
BRDA:6,1,1,0
BRDA:15,2,0,0
BRDA:15,2,1,0
BRDA:16,3,0,0
BRDA:16,3,1,0
BRDA:16,3,2,0
BRDA:16,3,3,0
BRDA:27,4,0,0
BRDA:27,4,1,0
BRDA:28,5,0,0
BRDA:28,5,1,0
BRDA:30,6,0,0
BRDA:30,6,1,0
BRDA:34,7,0,0
BRDA:34,7,1,0
BRDA:41,8,0,0
BRDA:41,8,1,0
BRF:20
BRH:0
end_of_record
TN:
SF:src/common/makeWclUrl.ts
FN:8,makeWclUrl
FNF:1
FNH:1
FNDA:67,makeWclUrl
DA:5,27
DA:6,27
DA:13,67
LF:3
LH:3
BRDA:14,0,0,0
BRDA:14,0,1,67
BRDA:14,1,0,67
BRDA:14,1,1,67
BRF:4
BRH:3
end_of_record
TN:
SF:src/common/parseVersionString.ts
FN:1,parseVersionString
FNF:1
FNH:1
FNDA:2,parseVersionString
DA:2,2
DA:4,2
LF:2
LH:2
BRDA:6,0,0,0
BRDA:6,0,1,2
BRDA:7,1,0,1
BRDA:7,1,1,1
BRF:4
BRH:3
end_of_record
TN:
SF:src/common/prettyEncodeURI.ts
FN:1,prettyEncodeURI
FNF:1
FNH:1
FNDA:62,prettyEncodeURI
DA:2,62
LF:1
LH:1
BRF:0
BRH:0
end_of_record
TN:
SF:src/common/retryingPromise.ts
FN:6,retryingPromise
FNF:1
FNH:1
FNDA:13,retryingPromise
DA:3,2
DA:4,2
DA:11,13
DA:12,13
DA:14,10
DA:15,10
DA:19,0
DA:21,10
DA:22,3
DA:25,7
DA:26,7
DA:27,7
LF:12
LH:11
BRDA:8,0,0,6
BRDA:9,1,0,6
BRDA:15,2,0,0
BRDA:15,2,1,10
BRDA:21,3,0,3
BRDA:21,3,1,7
BRF:6
BRH:5
end_of_record
TN:
SF:src/common/safeMerge.ts
FN:3,(anonymous_0)
FN:5,(anonymous_1)
FN:6,(anonymous_2)
FN:16,(anonymous_3)
FNF:4
FNH:1
FNDA:0,(anonymous_0)
FNDA:0,(anonymous_1)
FNDA:0,(anonymous_2)
FNDA:313,(anonymous_3)
DA:2,32
DA:3,0
DA:4,0
DA:5,0
DA:6,0
DA:7,0
DA:8,0
DA:10,0
DA:13,0
DA:16,313
LF:10
LH:2
BRDA:2,0,0,0
BRDA:2,0,1,32
BRDA:7,1,0,0
BRDA:7,1,1,0
BRF:4
BRH:1
end_of_record
TN:
SF:src/common/sleep.ts
FN:1,(anonymous_0)
FN:1,(anonymous_1)
FNF:2
FNH:2
FNDA:7,(anonymous_0)
FNDA:7,(anonymous_1)
DA:1,7
LF:1
LH:1
BRF:0
BRH:0
end_of_record
TN:
SF:src/common/ITEMS/Item.ts
FNF:0
FNH:0
LF:0
LH:0
BRF:0
BRH:0
end_of_record
TN:
SF:src/common/ITEMS/deathknight.ts
FNF:0
FNH:0
DA:3,31
LF:1
LH:1
BRF:0
BRH:0
end_of_record
TN:
SF:src/common/ITEMS/demonhunter.ts
FNF:0
FNH:0
DA:3,31
LF:1
LH:1
BRF:0
BRH:0
end_of_record
TN:
SF:src/common/ITEMS/druid.ts
FNF:0
FNH:0
DA:3,31
LF:1
LH:1
BRF:0
BRH:0
end_of_record
TN:
SF:src/common/ITEMS/hunter.ts
FNF:0
FNH:0
DA:3,31
LF:1
LH:1
BRF:0
BRH:0
end_of_record
TN:
SF:src/common/ITEMS/index.ts
FNF:0
FNH:0
DA:20,31
LF:1
LH:1
BRF:0
BRH:0
end_of_record
TN:
SF:src/common/ITEMS/mage.ts
FNF:0
FNH:0
DA:3,31
LF:1
LH:1
BRF:0
BRH:0
end_of_record
TN:
SF:src/common/ITEMS/monk.ts
FNF:0
FNH:0
DA:3,31
LF:1
LH:1
BRF:0
BRH:0
end_of_record
TN:
SF:src/common/ITEMS/others.ts
FNF:0
FNH:0
DA:3,31
LF:1
LH:1
BRF:0
BRH:0
end_of_record
TN:
SF:src/common/ITEMS/paladin.ts
FNF:0
FNH:0
DA:3,31
LF:1
LH:1
BRF:0
BRH:0
end_of_record
TN:
SF:src/common/ITEMS/priest.ts
FNF:0
FNH:0
DA:3,31
LF:1
LH:1
BRF:0
BRH:0
end_of_record
TN:
SF:src/common/ITEMS/rogue.ts
FNF:0
FNH:0
DA:3,31
LF:1
LH:1
BRF:0
BRH:0
end_of_record
TN:
SF:src/common/ITEMS/shaman.ts
FNF:0
FNH:0
DA:3,31
LF:1
LH:1
BRF:0
BRH:0
end_of_record
TN:
SF:src/common/ITEMS/warlock.ts
FNF:0
FNH:0
DA:3,31
LF:1
LH:1
BRF:0
BRH:0
end_of_record
TN:
SF:src/common/ITEMS/warrior.ts
FNF:0
FNH:0
DA:3,31
LF:1
LH:1
BRF:0
BRH:0
end_of_record
TN:
SF:src/common/ITEMS/shadowlands/enchants.ts
FNF:0
FNH:0
DA:3,31
LF:1
LH:1
BRF:0
BRH:0
end_of_record
TN:
SF:src/common/ITEMS/shadowlands/gems.ts
FNF:0
FNH:0
DA:10,31
LF:1
LH:1
BRF:0
BRH:0
end_of_record
TN:
SF:src/common/ITEMS/shadowlands/index.ts
FNF:0
FNH:0
DA:14,31
LF:1
LH:1
BRF:0
BRH:0
end_of_record
TN:
SF:src/common/ITEMS/shadowlands/others.ts
FNF:0
FNH:0
DA:3,31
LF:1
LH:1
BRF:0
BRH:0
end_of_record
TN:
SF:src/common/ITEMS/shadowlands/potions.ts
FNF:0
FNH:0
DA:3,31
LF:1
LH:1
BRF:0
BRH:0
end_of_record
TN:
SF:src/common/ITEMS/shadowlands/crafted/index.ts
FNF:0
FNH:0
DA:7,31
LF:1
LH:1
BRF:0
BRH:0
end_of_record
TN:
SF:src/common/ITEMS/shadowlands/crafted/alchemy/index.ts
FNF:0
FNH:0
DA:10,31
LF:1
LH:1
BRF:0
BRH:0
end_of_record
TN:
SF:src/common/ITEMS/shadowlands/crafted/inscription/index.ts
FNF:0
FNH:0
DA:10,31
LF:1
LH:1
BRF:0
BRH:0
end_of_record
TN:
SF:src/common/ITEMS/shadowlands/dungeons/index.ts
FNF:0
FNH:0
DA:14,31
LF:1
LH:1
BRF:0
BRH:0
end_of_record
TN:
SF:src/common/ITEMS/shadowlands/dungeons/deotherside/index.ts
FNF:0
FNH:0
DA:11,31
LF:1
LH:1
BRF:0
BRH:0
end_of_record
TN:
SF:src/common/ITEMS/shadowlands/dungeons/hallsofatonement/index.ts
FNF:0
FNH:0
DA:11,31
LF:1
LH:1
BRF:0
BRH:0
end_of_record
TN:
SF:src/common/ITEMS/shadowlands/dungeons/mistsoftirnascithe/index.ts
FNF:0
FNH:0
DA:11,31
LF:1
LH:1
BRF:0
BRH:0
end_of_record
TN:
SF:src/common/ITEMS/shadowlands/dungeons/necroticwake/index.ts
FNF:0
FNH:0
DA:11,31
LF:1
LH:1
BRF:0
BRH:0
end_of_record
TN:
SF:src/common/ITEMS/shadowlands/dungeons/plaguefall/index.ts
FNF:0
FNH:0
DA:11,31
LF:1
LH:1
BRF:0
BRH:0
end_of_record
TN:
SF:src/common/ITEMS/shadowlands/dungeons/sanguinedepths/index.ts
FNF:0
FNH:0
DA:11,31
LF:1
LH:1
BRF:0
BRH:0
end_of_record
TN:
SF:src/common/ITEMS/shadowlands/dungeons/spiresofascension/index.ts
FNF:0
FNH:0
DA:11,31
LF:1
LH:1
BRF:0
BRH:0
end_of_record
TN:
SF:src/common/ITEMS/shadowlands/dungeons/theaterofpain/index.ts
FNF:0
FNH:0
DA:11,31
LF:1
LH:1
BRF:0
BRH:0
end_of_record
TN:
SF:src/common/ITEMS/shadowlands/dungeons/thorgast/index.ts
FNF:0
FNH:0
DA:11,31
LF:1
LH:1
BRF:0
BRH:0
end_of_record
TN:
SF:src/common/ITEMS/shadowlands/legendaries/deathknight.ts
FNF:0
FNH:0
DA:3,31
LF:1
LH:1
BRF:0
BRH:0
end_of_record
TN:
SF:src/common/ITEMS/shadowlands/legendaries/demonhunter.ts
FNF:0
FNH:0
DA:3,31
LF:1
LH:1
BRF:0
BRH:0
end_of_record
TN:
SF:src/common/ITEMS/shadowlands/legendaries/druid.ts
FNF:0
FNH:0
DA:3,31
LF:1
LH:1
BRF:0
BRH:0
end_of_record
TN:
SF:src/common/ITEMS/shadowlands/legendaries/hunter.ts
FNF:0
FNH:0
DA:3,31
LF:1
LH:1
BRF:0
BRH:0
end_of_record
TN:
SF:src/common/ITEMS/shadowlands/legendaries/index.ts
FNF:0
FNH:0
DA:17,31
LF:1
LH:1
BRF:0
BRH:0
end_of_record
TN:
SF:src/common/ITEMS/shadowlands/legendaries/mage.ts
FNF:0
FNH:0
DA:3,31
LF:1
LH:1
BRF:0
BRH:0
end_of_record
TN:
SF:src/common/ITEMS/shadowlands/legendaries/monk.ts
FNF:0
FNH:0
DA:3,31
LF:1
LH:1
BRF:0
BRH:0
end_of_record
TN:
SF:src/common/ITEMS/shadowlands/legendaries/paladin.ts
FNF:0
FNH:0
DA:3,31
LF:1
LH:1
BRF:0
BRH:0
end_of_record
TN:
SF:src/common/ITEMS/shadowlands/legendaries/priest.ts
FNF:0
FNH:0
DA:3,31
LF:1
LH:1
BRF:0
BRH:0
end_of_record
TN:
SF:src/common/ITEMS/shadowlands/legendaries/rogue.ts
FNF:0
FNH:0
DA:3,31
LF:1
LH:1
BRF:0
BRH:0
end_of_record
TN:
SF:src/common/ITEMS/shadowlands/legendaries/shaman.ts
FNF:0
FNH:0
DA:3,31
LF:1
LH:1
BRF:0
BRH:0
end_of_record
TN:
SF:src/common/ITEMS/shadowlands/legendaries/warlock.ts
FNF:0
FNH:0
DA:3,31
LF:1
LH:1
BRF:0
BRH:0
end_of_record
TN:
SF:src/common/ITEMS/shadowlands/legendaries/warrior.ts
FNF:0
FNH:0
DA:3,31
LF:1
LH:1
BRF:0
BRH:0
end_of_record
TN:
SF:src/common/ITEMS/shadowlands/pvp/index.ts
FNF:0
FNH:0
DA:10,31
LF:1
LH:1
BRF:0
BRH:0
end_of_record
TN:
SF:src/common/ITEMS/shadowlands/raids/index.ts
FNF:0
FNH:0
DA:7,31
LF:1
LH:1
BRF:0
BRH:0
end_of_record
TN:
SF:src/common/ITEMS/shadowlands/raids/castlenathria/index.ts
FNF:0
FNH:0
DA:11,31
LF:1
LH:1
BRF:0
BRH:0
end_of_record
TN:
SF:src/common/ITEMS/shadowlands/raids/sanctumofdomination/index.ts
FNF:0
FNH:0
DA:11,31
LF:1
LH:1
BRF:0
BRH:0
end_of_record
TN:
SF:src/common/SPELLS/Spell.ts
FNF:0
FNH:0
LF:0
LH:0
BRF:0
BRH:0
end_of_record
TN:
SF:src/common/SPELLS/deathknight.ts
FNF:0
FNH:0
DA:7,32
DA:630,32
LF:2
LH:2
BRF:0
BRH:0
end_of_record
TN:
SF:src/common/SPELLS/demonhunter.ts
FNF:0
FNH:0
DA:7,32
LF:1
LH:1
BRF:0
BRH:0
end_of_record
TN:
SF:src/common/SPELLS/druid.ts
FNF:0
FNH:0
DA:7,32
LF:1
LH:1
BRF:0
BRH:0
end_of_record
TN:
SF:src/common/SPELLS/encounter.ts
FNF:0
FNH:0
DA:2,32
LF:1
LH:1
BRF:0
BRH:0
end_of_record
TN:
SF:src/common/SPELLS/hunter.ts
FNF:0
FNH:0
DA:7,32
LF:1
LH:1
BRF:0
BRH:0
end_of_record
TN:
SF:src/common/SPELLS/index.ts
FN:88,(anonymous_0)
FNF:1
FNH:1
FNDA:718,(anonymous_0)
DA:46,32
DA:84,32
DA:88,32
DA:89,718
DA:90,0
DA:93,718
LF:6
LH:5
BRDA:89,0,0,0
BRDA:89,0,1,718
BRF:2
BRH:1
end_of_record
TN:
SF:src/common/SPELLS/mage.ts
FNF:0
FNH:0
DA:7,32
LF:1
LH:1
BRF:0
BRH:0
end_of_record
TN:
SF:src/common/SPELLS/monk.ts
FNF:0
FNH:0
DA:6,32
LF:1
LH:1
BRF:0
BRH:0
end_of_record
TN:
SF:src/common/SPELLS/others.ts
FNF:0
FNH:0
DA:6,32
LF:1
LH:1
BRF:0
BRH:0
end_of_record
TN:
SF:src/common/SPELLS/paladin.ts
FNF:0
FNH:0
DA:7,32
LF:1
LH:1
BRF:0
BRH:0
end_of_record
TN:
SF:src/common/SPELLS/priest.ts
FNF:0
FNH:0
DA:7,32
LF:1
LH:1
BRF:0
BRH:0
end_of_record
TN:
SF:src/common/SPELLS/racials.ts
FNF:0
FNH:0
DA:7,32
LF:1
LH:1
BRF:0
BRH:0
end_of_record
TN:
SF:src/common/SPELLS/rogue.ts
FNF:0
FNH:0
DA:7,32
LF:1
LH:1
BRF:0
BRH:0
end_of_record
TN:
SF:src/common/SPELLS/shaman.ts
FNF:0
FNH:0
DA:7,32
LF:1
LH:1
BRF:0
BRH:0
end_of_record
TN:
SF:src/common/SPELLS/warlock.ts
FNF:0
FNH:0
DA:7,32
LF:1
LH:1
BRF:0
BRH:0
end_of_record
TN:
SF:src/common/SPELLS/warrior.ts
FNF:0
FNH:0
DA:7,32
LF:1
LH:1
BRF:0
BRH:0
end_of_record
TN:
SF:src/common/SPELLS/shadowlands/enchants.ts
FNF:0
FNH:0
DA:1,32
LF:1
LH:1
BRF:0
BRH:0
end_of_record
TN:
SF:src/common/SPELLS/shadowlands/index.ts
FNF:0
FNH:0
LF:0
LH:0
BRF:0
BRH:0
end_of_record
TN:
SF:src/common/SPELLS/shadowlands/oils.ts
FNF:0
FNH:0
DA:1,32
LF:1
LH:1
BRF:0
BRH:0
end_of_record
TN:
SF:src/common/SPELLS/shadowlands/others.ts
FNF:0
FNH:0
DA:1,32
LF:1
LH:1
BRF:0
BRH:0
end_of_record
TN:
SF:src/common/SPELLS/shadowlands/potions.ts
FNF:0
FNH:0
DA:1,32
LF:1
LH:1
BRF:0
BRH:0
end_of_record
TN:
SF:src/common/SPELLS/shadowlands/conduits/deathknight.ts
FNF:0
FNH:0
DA:1,32
LF:1
LH:1
BRF:0
BRH:0
end_of_record
TN:
SF:src/common/SPELLS/shadowlands/conduits/demonhunter.ts
FNF:0
FNH:0
DA:1,32
LF:1
LH:1
BRF:0
BRH:0
end_of_record
TN:
SF:src/common/SPELLS/shadowlands/conduits/druid.ts
FNF:0
FNH:0
DA:1,32
LF:1
LH:1
BRF:0
BRH:0
end_of_record
TN:
SF:src/common/SPELLS/shadowlands/conduits/hunter.ts
FNF:0
FNH:0
DA:1,32
LF:1
LH:1
BRF:0
BRH:0
end_of_record
TN:
SF:src/common/SPELLS/shadowlands/conduits/index.ts
FNF:0
FNH:0
DA:14,32
LF:1
LH:1
BRF:0
BRH:0
end_of_record
TN:
SF:src/common/SPELLS/shadowlands/conduits/mage.ts
FNF:0
FNH:0
DA:1,32
LF:1
LH:1
BRF:0
BRH:0
end_of_record
TN:
SF:src/common/SPELLS/shadowlands/conduits/monk.ts
FNF:0
FNH:0
DA:1,32
LF:1
LH:1
BRF:0
BRH:0
end_of_record
TN:
SF:src/common/SPELLS/shadowlands/conduits/paladin.ts
FNF:0
FNH:0
DA:1,32
LF:1
LH:1
BRF:0
BRH:0
end_of_record
TN:
SF:src/common/SPELLS/shadowlands/conduits/priest.ts
FNF:0
FNH:0
DA:1,32
LF:1
LH:1
BRF:0
BRH:0
end_of_record
TN:
SF:src/common/SPELLS/shadowlands/conduits/rogue.ts
FNF:0
FNH:0
DA:1,32
LF:1
LH:1
BRF:0
BRH:0
end_of_record
TN:
SF:src/common/SPELLS/shadowlands/conduits/shaman.ts
FNF:0
FNH:0
DA:1,32
LF:1
LH:1
BRF:0
BRH:0
end_of_record
TN:
SF:src/common/SPELLS/shadowlands/conduits/warlock.ts
FNF:0
FNH:0
DA:1,32
LF:1
LH:1
BRF:0
BRH:0
end_of_record
TN:
SF:src/common/SPELLS/shadowlands/conduits/warrior.ts
FNF:0
FNH:0
DA:1,32
LF:1
LH:1
BRF:0
BRH:0
end_of_record
TN:
SF:src/common/SPELLS/shadowlands/covenants/deathknight.ts
FNF:0
FNH:0
DA:1,32
LF:1
LH:1
BRF:0
BRH:0
end_of_record
TN:
SF:src/common/SPELLS/shadowlands/covenants/demonhunter.ts
FNF:0
FNH:0
DA:1,32
LF:1
LH:1
BRF:0
BRH:0
end_of_record
TN:
SF:src/common/SPELLS/shadowlands/covenants/druid.ts
FNF:0
FNH:0
DA:1,32
LF:1
LH:1
BRF:0
BRH:0
end_of_record
TN:
SF:src/common/SPELLS/shadowlands/covenants/general.ts
FNF:0
FNH:0
DA:1,32
LF:1
LH:1
BRF:0
BRH:0
end_of_record
TN:
SF:src/common/SPELLS/shadowlands/covenants/hunter.ts
FNF:0
FNH:0
DA:1,32
LF:1
LH:1
BRF:0
BRH:0
end_of_record
TN:
SF:src/common/SPELLS/shadowlands/covenants/index.ts
FNF:0
FNH:0
DA:16,32
LF:1
LH:1
BRF:0
BRH:0
end_of_record
TN:
SF:src/common/SPELLS/shadowlands/covenants/mage.ts
FNF:0
FNH:0
DA:1,32
LF:1
LH:1
BRF:0
BRH:0
end_of_record
TN:
SF:src/common/SPELLS/shadowlands/covenants/monk.ts
FNF:0
FNH:0
DA:1,32
LF:1
LH:1
BRF:0
BRH:0
end_of_record
TN:
SF:src/common/SPELLS/shadowlands/covenants/paladin.ts
FNF:0
FNH:0
DA:1,32
LF:1
LH:1
BRF:0
BRH:0
end_of_record
TN:
SF:src/common/SPELLS/shadowlands/covenants/priest.ts
FNF:0
FNH:0
DA:1,32
LF:1
LH:1
BRF:0
BRH:0
end_of_record
TN:
SF:src/common/SPELLS/shadowlands/covenants/rogue.ts
FNF:0
FNH:0
DA:1,32
LF:1
LH:1
BRF:0
BRH:0
end_of_record
TN:
SF:src/common/SPELLS/shadowlands/covenants/shaman.ts
FNF:0
FNH:0
DA:1,32
LF:1
LH:1
BRF:0
BRH:0
end_of_record
TN:
SF:src/common/SPELLS/shadowlands/covenants/shared.ts
FNF:0
FNH:0
DA:1,32
LF:1
LH:1
BRF:0
BRH:0
end_of_record
TN:
SF:src/common/SPELLS/shadowlands/covenants/warlock.ts
FNF:0
FNH:0
DA:1,32
LF:1
LH:1
BRF:0
BRH:0
end_of_record
TN:
SF:src/common/SPELLS/shadowlands/covenants/warrior.ts
FNF:0
FNH:0
DA:1,32
LF:1
LH:1
BRF:0
BRH:0
end_of_record
TN:
SF:src/common/SPELLS/shadowlands/crafted/index.ts
FNF:0
FNH:0
DA:3,32
LF:1
LH:1
BRF:0
BRH:0
end_of_record
TN:
SF:src/common/SPELLS/shadowlands/crafted/items.ts
FNF:0
FNH:0
DA:2,32
LF:1
LH:1
BRF:0
BRH:0
end_of_record
TN:
SF:src/common/SPELLS/shadowlands/dungeons/index.ts
FNF:0
FNH:0
DA:3,32
LF:1
LH:1
BRF:0
BRH:0
end_of_record
TN:
SF:src/common/SPELLS/shadowlands/dungeons/items.ts
FNF:0
FNH:0
DA:2,32
LF:1
LH:1
BRF:0
BRH:0
end_of_record
TN:
SF:src/common/SPELLS/shadowlands/legendaries/deathknight.ts
FNF:0
FNH:0
DA:3,32
LF:1
LH:1
BRF:0
BRH:0
end_of_record
TN:
SF:src/common/SPELLS/shadowlands/legendaries/demonhunter.ts
FNF:0
FNH:0
DA:3,32
LF:1
LH:1
BRF:0
BRH:0
end_of_record
TN:
SF:src/common/SPELLS/shadowlands/legendaries/druid.ts
FNF:0
FNH:0
DA:1,32
LF:1
LH:1
BRF:0
BRH:0
end_of_record
TN:
SF:src/common/SPELLS/shadowlands/legendaries/hunter.ts
FNF:0
FNH:0
DA:1,32
LF:1
LH:1
BRF:0
BRH:0
end_of_record
TN:
SF:src/common/SPELLS/shadowlands/legendaries/index.ts
FNF:0
FNH:0
DA:14,32
LF:1
LH:1
BRF:0
BRH:0
end_of_record
TN:
SF:src/common/SPELLS/shadowlands/legendaries/mage.ts
FNF:0
FNH:0
DA:1,32
LF:1
LH:1
BRF:0
BRH:0
end_of_record
TN:
SF:src/common/SPELLS/shadowlands/legendaries/monk.ts
FNF:0
FNH:0
DA:1,32
LF:1
LH:1
BRF:0
BRH:0
end_of_record
TN:
SF:src/common/SPELLS/shadowlands/legendaries/paladin.ts
FNF:0
FNH:0
DA:1,32
LF:1
LH:1
BRF:0
BRH:0
end_of_record
TN:
SF:src/common/SPELLS/shadowlands/legendaries/priest.ts
FNF:0
FNH:0
DA:3,32
LF:1
LH:1
BRF:0
BRH:0
end_of_record
TN:
SF:src/common/SPELLS/shadowlands/legendaries/rogue.ts
FNF:0
FNH:0
DA:1,32
LF:1
LH:1
BRF:0
BRH:0
end_of_record
TN:
SF:src/common/SPELLS/shadowlands/legendaries/shaman.ts
FNF:0
FNH:0
DA:2,32
LF:1
LH:1
BRF:0
BRH:0
end_of_record
TN:
SF:src/common/SPELLS/shadowlands/legendaries/warlock.ts
FNF:0
FNH:0
DA:1,32
LF:1
LH:1
BRF:0
BRH:0
end_of_record
TN:
SF:src/common/SPELLS/shadowlands/legendaries/warrior.ts
FNF:0
FNH:0
DA:1,32
LF:1
LH:1
BRF:0
BRH:0
end_of_record
TN:
SF:src/common/SPELLS/shadowlands/raids/index.ts
FNF:0
FNH:0
LF:0
LH:0
BRF:0
BRH:0
end_of_record
TN:
SF:src/common/SPELLS/shadowlands/raids/castlenathria/index.ts
FNF:0
FNH:0
LF:0
LH:0
BRF:0
BRH:0
end_of_record
TN:
SF:src/common/SPELLS/shadowlands/raids/castlenathria/items.ts
FNF:0
FNH:0
LF:0
LH:0
BRF:0
BRH:0
end_of_record
TN:
SF:src/common/SPELLS/shadowlands/raids/castlenathria/mechanics.ts
FNF:0
FNH:0
LF:0
LH:0
BRF:0
BRH:0
end_of_record
TN:
SF:src/common/SPELLS/shadowlands/raids/sanctumofdomination/index.ts
FNF:0
FNH:0
LF:0
LH:0
BRF:0
BRH:0
end_of_record
TN:
SF:src/common/SPELLS/shadowlands/raids/sanctumofdomination/items.ts
FNF:0
FNH:0
LF:0
LH:0
BRF:0
BRH:0
end_of_record
TN:
SF:src/common/SPELLS/shadowlands/raids/sanctumofdomination/mechanics.ts
FNF:0
FNH:0
LF:0
LH:0
BRF:0
BRH:0
end_of_record
TN:
SF:src/common/SPELLS/shadowlands/soulbinds/bonesmithheirmir.ts
FNF:0
FNH:0
DA:1,32
LF:1
LH:1
BRF:0
BRH:0
end_of_record
TN:
SF:src/common/SPELLS/shadowlands/soulbinds/dreamweaver.ts
FNF:0
FNH:0
DA:1,32
LF:1
LH:1
BRF:0
BRH:0
end_of_record
TN:
SF:src/common/SPELLS/shadowlands/soulbinds/emeni.ts
FNF:0
FNH:0
DA:1,32
LF:1
LH:1
BRF:0
BRH:0
end_of_record
TN:
SF:src/common/SPELLS/shadowlands/soulbinds/forgeliteprimemikanikos.ts
FNF:0
FNH:0
DA:1,32
LF:1
LH:1
BRF:0
BRH:0
end_of_record
TN:
SF:src/common/SPELLS/shadowlands/soulbinds/generaldraven.ts
FNF:0
FNH:0
DA:1,32
LF:1
LH:1
BRF:0
BRH:0
end_of_record
TN:
SF:src/common/SPELLS/shadowlands/soulbinds/index.ts
FNF:0
FNH:0
DA:14,32
LF:1
LH:1
BRF:0
BRH:0
end_of_record
TN:
SF:src/common/SPELLS/shadowlands/soulbinds/kleia.ts
FNF:0
FNH:0
DA:1,32
LF:1
LH:1
BRF:0
BRH:0
end_of_record
TN:
SF:src/common/SPELLS/shadowlands/soulbinds/korayn.ts
FNF:0
FNH:0
DA:1,32
LF:1
LH:1
BRF:0
BRH:0
end_of_record
TN:
SF:src/common/SPELLS/shadowlands/soulbinds/nadjiathemistblade.ts
FNF:0
FNH:0
DA:1,32
LF:1
LH:1
BRF:0
BRH:0
end_of_record
TN:
SF:src/common/SPELLS/shadowlands/soulbinds/niya.ts
FNF:0
FNH:0
DA:1,32
LF:1
LH:1
BRF:0
BRH:0
end_of_record
TN:
SF:src/common/SPELLS/shadowlands/soulbinds/pelagos.ts
FNF:0
FNH:0
DA:1,32
LF:1
LH:1
BRF:0
BRH:0
end_of_record
TN:
SF:src/common/SPELLS/shadowlands/soulbinds/plaguedevisermarileth.ts
FNF:0
FNH:0
DA:1,32
LF:1
LH:1
BRF:0
BRH:0
end_of_record
TN:
SF:src/common/SPELLS/shadowlands/soulbinds/theotarthemadduke.ts
FNF:0
FNH:0
DA:1,32
LF:1
LH:1
BRF:0
BRH:0
end_of_record
TN:
SF:src/common/SPELLS/talents/deathknight.ts
FNF:0
FNH:0
DA:4,32
LF:1
LH:1
BRF:0
BRH:0
end_of_record
TN:
SF:src/common/SPELLS/talents/demonhunter.ts
FNF:0
FNH:0
DA:4,32
LF:1
LH:1
BRF:0
BRH:0
end_of_record
TN:
SF:src/common/SPELLS/talents/druid.ts
FNF:0
FNH:0
DA:4,32
LF:1
LH:1
BRF:0
BRH:0
end_of_record
TN:
SF:src/common/SPELLS/talents/hunter.ts
FNF:0
FNH:0
DA:4,32
LF:1
LH:1
BRF:0
BRH:0
end_of_record
TN:
SF:src/common/SPELLS/talents/mage.ts
FNF:0
FNH:0
DA:4,32
LF:1
LH:1
BRF:0
BRH:0
end_of_record
TN:
SF:src/common/SPELLS/talents/monk.ts
FNF:0
FNH:0
DA:4,32
LF:1
LH:1
BRF:0
BRH:0
end_of_record
TN:
SF:src/common/SPELLS/talents/paladin.ts
FNF:0
FNH:0
DA:4,32
LF:1
LH:1
BRF:0
BRH:0
end_of_record
TN:
SF:src/common/SPELLS/talents/priest.ts
FNF:0
FNH:0
DA:4,32
LF:1
LH:1
BRF:0
BRH:0
end_of_record
TN:
SF:src/common/SPELLS/talents/rogue.ts
FNF:0
FNH:0
DA:4,32
LF:1
LH:1
BRF:0
BRH:0
end_of_record
TN:
SF:src/common/SPELLS/talents/shaman.ts
FNF:0
FNH:0
DA:4,32
LF:1
LH:1
BRF:0
BRH:0
end_of_record
TN:
SF:src/common/SPELLS/talents/warlock.ts
FNF:0
FNH:0
DA:4,32
LF:1
LH:1
BRF:0
BRH:0
end_of_record
TN:
SF:src/common/SPELLS/talents/warrior.ts
FNF:0
FNH:0
DA:4,32
LF:1
LH:1
BRF:0
BRH:0
end_of_record
TN:
SF:src/game/BLOODLUST_BUFFS.ts
FNF:0
FNH:0
DA:5,26
LF:1
LH:1
BRF:0
BRH:0
end_of_record
TN:
SF:src/game/DIFFICULTIES.ts
FN:14,getLabel
FNF:1
FNH:1
FNDA:6,getLabel
DA:5,32
DA:15,6
DA:17,0
DA:22,0
DA:27,4
DA:32,2
DA:37,0
DA:42,0
LF:8
LH:4
BRDA:15,0,0,0
BRDA:15,0,1,0
BRDA:15,0,2,4
BRDA:15,0,3,2
BRDA:15,0,4,0
BRDA:15,0,5,0
BRF:6
BRH:2
end_of_record
TN:
SF:src/game/Expansion.ts
FNF:0
FNH:0
DA:15,29
LF:1
LH:1
BRF:0
BRH:0
end_of_record
TN:
SF:src/game/FACTIONS.ts
FNF:0
FNH:0
DA:3,0
LF:1
LH:0
BRF:0
BRH:0
end_of_record
TN:
SF:src/game/GEAR_SLOTS.ts
FNF:0
FNH:0
DA:3,28
LF:1
LH:1
BRF:0
BRH:0
end_of_record
TN:
SF:src/game/HIT_TYPES.ts
FNF:0
FNH:0
DA:3,26
LF:1
LH:1
BRF:0
BRH:0
end_of_record
TN:
SF:src/game/ITEM_QUALITIES.ts
FNF:0
FNH:0
LF:0
LH:0
BRF:0
BRH:0
end_of_record
TN:
SF:src/game/MAGIC_SCHOOLS.ts
FNF:0
FNH:0
DA:4,26
LF:1
LH:1
BRF:0
BRH:0
end_of_record
TN:
SF:src/game/PRIMARY_STATS.ts
FNF:0
FNH:0
DA:3,30
LF:1
LH:1
BRF:0
BRH:0
end_of_record
TN:
SF:src/game/RACES.ts
FNF:0
FNH:0
DA:12,28
LF:1
LH:1
BRF:0
BRH:0
end_of_record
TN:
SF:src/game/REALMS.js
FNF:0
FNH:0
LF:0
LH:0
BRF:0
BRH:0
end_of_record
TN:
SF:src/game/RESOURCE_TYPES.ts
FN:136,getResource
FN:140,(anonymous_1)
FNF:2
FNH:0
FNDA:0,getResource
FNDA:0,(anonymous_1)
DA:11,31
DA:137,0
DA:138,0
DA:140,0
LF:4
LH:1
BRDA:137,0,0,0
BRDA:137,0,1,0
BRF:2
BRH:0
end_of_record
TN:
SF:src/game/ROLES.ts
FN:14,(anonymous_0)
FN:19,(anonymous_1)
FN:24,(anonymous_2)
FN:29,(anonymous_3)
FN:36,getName
FN:40,getClassName
FNF:6
FNH:0
FNDA:0,(anonymous_0)
FNDA:0,(anonymous_1)
FNDA:0,(anonymous_2)
FNDA:0,(anonymous_3)
FNDA:0,getName
FNDA:0,getClassName
DA:3,30
DA:13,30
DA:15,0
DA:20,0
DA:25,0
DA:30,0
DA:37,0
DA:41,0
DA:43,0
DA:45,0
DA:47,0
DA:49,0
DA:51,0
LF:13
LH:2
BRDA:41,0,0,0
BRDA:41,0,1,0
BRDA:41,0,2,0
BRDA:41,0,3,0
BRDA:41,0,4,0
BRF:5
BRH:0
end_of_record
TN:
SF:src/game/RealmList.ts
FNF:0
FNH:0
LF:0
LH:0
BRF:0
BRH:0
end_of_record
TN:
SF:src/game/SPECS.ts
FNF:0
FNH:0
DA:29,30
LF:1
LH:1
BRF:0
BRH:0
end_of_record
TN:
SF:src/game/TALENT_ROWS.ts
FNF:0
FNH:0
DA:3,28
LF:1
LH:1
BRF:0
BRH:0
end_of_record
TN:
SF:src/game/VERSIONS.ts
FN:17,(anonymous_0)
FNF:1
FNH:1
FNDA:22,(anonymous_0)
DA:4,27
DA:11,27
DA:17,27
DA:18,22
DA:20,0
DA:22,0
DA:24,22
LF:7
LH:5
BRDA:18,0,0,0
BRDA:18,0,1,0
BRDA:18,0,2,22
BRF:3
BRH:1
end_of_record
TN:
SF:src/game/ZONES.ts
FNF:0
FNH:0
DA:33,0
LF:1
LH:0
BRF:0
BRH:0
end_of_record
TN:
SF:src/game/getAverageItemLevel.ts
FN:8,getAverageItemLevel
FN:10,(anonymous_1)
FN:13,(anonymous_2)
FNF:3
FNH:0
FNDA:0,getAverageItemLevel
FNDA:0,(anonymous_1)
FNDA:0,(anonymous_2)
DA:6,1
DA:9,0
DA:10,0
DA:12,0
DA:13,0
LF:5
LH:1
BRDA:10,0,0,0
BRDA:10,0,1,0
BRF:2
BRH:0
end_of_record
TN:
SF:src/game/isLatestPatch.ts
FN:6,isLatestPatch
FNF:1
FNH:0
FNDA:0,isLatestPatch
DA:7,0
DA:8,0
DA:11,0
DA:12,0
DA:13,0
DA:14,0
DA:17,0
DA:20,0
DA:24,0
LF:9
LH:0
BRDA:7,0,0,0
BRDA:7,0,1,0
BRDA:13,1,0,0
BRDA:13,1,1,0
BRDA:20,2,0,0
BRDA:20,2,1,0
BRDA:20,2,2,0
BRF:7
BRH:0
end_of_record
TN:
SF:src/game/raids/index.ts
FN:63,findByBossId
FN:65,(anonymous_1)
FN:66,(anonymous_2)
FNF:3
FNH:3
FNDA:89,findByBossId
FNDA:400,(anonymous_1)
FNDA:2476,(anonymous_2)
DA:52,28
DA:64,89
DA:65,89
DA:66,2476
DA:67,400
DA:68,15
DA:69,15
DA:71,385
DA:73,89
LF:9
LH:9
BRDA:67,0,0,15
BRDA:67,0,1,385
BRF:2
BRH:2
end_of_record
TN:
SF:src/game/raids/castlenathria/ArtificerXymox.ts
FNF:0
FNH:0
DA:8,28
LF:1
LH:1
BRF:0
BRH:0
end_of_record
TN:
SF:src/game/raids/castlenathria/HungeringDestroyer.ts
FNF:0
FNH:0
DA:6,28
LF:1
LH:1
BRF:0
BRH:0
end_of_record
TN:
SF:src/game/raids/castlenathria/HuntsmanAltimor.ts
FNF:0
FNH:0
DA:8,28
LF:1
LH:1
BRF:0
BRH:0
end_of_record
TN:
SF:src/game/raids/castlenathria/LadyInervaDarkvein.ts
FNF:0
FNH:0
DA:8,28
LF:1
LH:1
BRF:0
BRH:0
end_of_record
TN:
SF:src/game/raids/castlenathria/Shriekwing.ts
FNF:0
FNH:0
DA:9,28
LF:1
LH:1
BRF:0
BRH:0
end_of_record
TN:
SF:src/game/raids/castlenathria/SireDenathrius.ts
FNF:0
FNH:0
DA:9,28
LF:1
LH:1
BRF:0
BRH:0
end_of_record
TN:
SF:src/game/raids/castlenathria/Sludgefist.ts
FNF:0
FNH:0
DA:6,28
LF:1
LH:1
BRF:0
BRH:0
end_of_record
TN:
SF:src/game/raids/castlenathria/StoneLegionGenerals.ts
FNF:0
FNH:0
DA:9,28
LF:1
LH:1
BRF:0
BRH:0
end_of_record
TN:
SF:src/game/raids/castlenathria/SunKingsSalvation.ts
FNF:0
FNH:0
DA:8,28
LF:1
LH:1
BRF:0
BRH:0
end_of_record
TN:
SF:src/game/raids/castlenathria/TheCouncilOfBlood.ts
FNF:0
FNH:0
DA:9,28
LF:1
LH:1
BRF:0
BRH:0
end_of_record
TN:
SF:src/game/raids/castlenathria/index.ts
FNF:0
FNH:0
LF:0
LH:0
BRF:0
BRH:0
end_of_record
TN:
SF:src/game/raids/dungeons/DeOtherSide.ts
FNF:0
FNH:0
DA:6,28
LF:1
LH:1
BRF:0
BRH:0
end_of_record
TN:
SF:src/game/raids/dungeons/HallsOfAtonement.ts
FNF:0
FNH:0
DA:6,28
LF:1
LH:1
BRF:0
BRH:0
end_of_record
TN:
SF:src/game/raids/dungeons/MistsOfTirnaScithe.ts
FNF:0
FNH:0
DA:6,28
LF:1
LH:1
BRF:0
BRH:0
end_of_record
TN:
SF:src/game/raids/dungeons/Plaguefall.ts
FNF:0
FNH:0
DA:6,28
LF:1
LH:1
BRF:0
BRH:0
end_of_record
TN:
SF:src/game/raids/dungeons/SanguineDepths.ts
FNF:0
FNH:0
DA:6,28
LF:1
LH:1
BRF:0
BRH:0
end_of_record
TN:
SF:src/game/raids/dungeons/SpiresOfAscension.ts
FNF:0
FNH:0
DA:6,28
LF:1
LH:1
BRF:0
BRH:0
end_of_record
TN:
SF:src/game/raids/dungeons/TheNecroticWake.ts
FNF:0
FNH:0
DA:6,28
LF:1
LH:1
BRF:0
BRH:0
end_of_record
TN:
SF:src/game/raids/dungeons/TheaterOfPain.ts
FNF:0
FNH:0
DA:6,28
LF:1
LH:1
BRF:0
BRH:0
end_of_record
TN:
SF:src/game/raids/dungeons/index.ts
FNF:0
FNH:0
LF:0
LH:0
BRF:0
BRH:0
end_of_record
TN:
SF:src/game/raids/gruulslair/Gruul.ts
FNF:0
FNH:0
DA:6,28
LF:1
LH:1
BRF:0
BRH:0
end_of_record
TN:
SF:src/game/raids/gruulslair/HighKingMaulgar.ts
FNF:0
FNH:0
DA:6,28
LF:1
LH:1
BRF:0
BRH:0
end_of_record
TN:
SF:src/game/raids/gruulslair/index.ts
FNF:0
FNH:0
LF:0
LH:0
BRF:0
BRH:0
end_of_record
TN:
SF:src/game/raids/magtheridonslair/Magtheridon.ts
FNF:0
FNH:0
DA:6,28
LF:1
LH:1
BRF:0
BRH:0
end_of_record
TN:
SF:src/game/raids/magtheridonslair/index.ts
FNF:0
FNH:0
LF:0
LH:0
BRF:0
BRH:0
end_of_record
TN:
SF:src/game/raids/sanctumofdomination/EyeOfTheJailer.ts
FNF:0
FNH:0
DA:9,28
LF:1
LH:1
BRF:0
BRH:0
end_of_record
TN:
SF:src/game/raids/sanctumofdomination/FatescribeRohKalo.ts
FNF:0
FNH:0
DA:9,28
LF:1
LH:1
BRF:0
BRH:0
end_of_record
TN:
SF:src/game/raids/sanctumofdomination/GuardianOfTheFirstOnes.ts
FNF:0
FNH:0
DA:6,28
LF:1
LH:1
BRF:0
BRH:0
end_of_record
TN:
SF:src/game/raids/sanctumofdomination/KelThuzad.ts
FNF:0
FNH:0
DA:9,28
LF:1
LH:1
BRF:0
BRH:0
end_of_record
TN:
SF:src/game/raids/sanctumofdomination/PainsmithRaznal.ts
FNF:0
FNH:0
DA:9,28
LF:1
LH:1
BRF:0
BRH:0
end_of_record
TN:
SF:src/game/raids/sanctumofdomination/RemnantOfNerzhul.ts
FNF:0
FNH:0
DA:8,28
LF:1
LH:1
BRF:0
BRH:0
end_of_record
TN:
SF:src/game/raids/sanctumofdomination/SoulrenderDormazain.ts
FNF:0
FNH:0
DA:6,28
LF:1
LH:1
BRF:0
BRH:0
end_of_record
TN:
SF:src/game/raids/sanctumofdomination/SylvanasWindrunner.ts
FNF:0
FNH:0
DA:9,28
LF:1
LH:1
BRF:0
BRH:0
end_of_record
TN:
SF:src/game/raids/sanctumofdomination/TheNine.ts
FNF:0
FNH:0
DA:8,28
LF:1
LH:1
BRF:0
BRH:0
end_of_record
TN:
SF:src/game/raids/sanctumofdomination/TheTarragrue.ts
FNF:0
FNH:0
DA:8,28
LF:1
LH:1
BRF:0
BRH:0
end_of_record
TN:
SF:src/game/raids/sanctumofdomination/index.ts
FNF:0
FNH:0
LF:0
LH:0
BRF:0
BRH:0
end_of_record
TN:
SF:src/game/shadowlands/COVENANTS.ts
FN:43,getCovenantById
FNF:1
FNH:0
FNDA:0,getCovenantById
DA:7,16
DA:44,0
DA:45,0
DA:48,0
DA:50,0
DA:52,0
DA:54,0
DA:56,0
LF:8
LH:1
BRDA:44,0,0,0
BRDA:44,0,1,0
BRDA:44,1,0,0
BRDA:44,1,1,0
BRDA:48,2,0,0
BRDA:48,2,1,0
BRDA:48,2,2,0
BRDA:48,2,3,0
BRF:8
BRH:0
end_of_record
TN:
SF:src/game/shadowlands/SOULBINDS.ts
FNF:0
FNH:0
DA:7,1
LF:1
LH:1
BRF:0
BRH:0
end_of_record
TN:
SF:src/interface/AboutPage.tsx
FN:13,(anonymous_0)
FNF:1
FNH:0
FNDA:0,(anonymous_0)
DA:13,0
DA:14,0
LF:2
LH:0
BRF:0
BRH:0
end_of_record
TN:
SF:src/interface/ActivityIndicator.tsx
FN:8,(anonymous_0)
FN:11,(anonymous_1)
FN:12,(anonymous_2)
FN:12,(anonymous_3)
FN:13,(anonymous_4)
FNF:5
FNH:0
FNDA:0,(anonymous_0)
FNDA:0,(anonymous_1)
FNDA:0,(anonymous_2)
FNDA:0,(anonymous_3)
FNDA:0,(anonymous_4)
DA:8,1
DA:9,0
DA:11,0
DA:12,0
DA:13,0
DA:16,0
DA:18,0
DA:21,0
LF:8
LH:1
BRDA:16,0,0,0
BRDA:16,0,1,0
BRF:2
BRH:0
end_of_record
TN:
SF:src/interface/Ad.tsx
FN:3,(anonymous_0)
FNF:1
FNH:0
FNDA:0,(anonymous_0)
DA:3,1
DA:4,0
LF:2
LH:1
BRF:0
BRH:0
end_of_record
TN:
SF:src/interface/Alert.tsx
FN:8,(anonymous_0)
FN:23,(anonymous_1)
FNF:2
FNH:0
FNDA:0,(anonymous_0)
FNDA:0,(anonymous_1)
DA:8,31
DA:9,0
DA:11,0
DA:13,0
DA:15,0
DA:23,31
DA:24,0
LF:7
LH:2
BRDA:9,0,0,0
BRDA:9,0,1,0
BRDA:9,0,2,0
BRDA:24,1,0,0
BRDA:24,1,1,0
BRF:5
BRH:0
end_of_record
TN:
SF:src/interface/AlertDanger.tsx
FN:7,(anonymous_0)
FNF:1
FNH:0
FNDA:0,(anonymous_0)
DA:7,31
DA:8,0
LF:2
LH:1
BRF:0
BRH:0
end_of_record
TN:
SF:src/interface/AlertInfo.tsx
FN:7,(anonymous_0)
FNF:1
FNH:0
FNDA:0,(anonymous_0)
DA:7,31
DA:8,0
LF:2
LH:1
BRF:0
BRH:0
end_of_record
TN:
SF:src/interface/AlertWarning.tsx
FN:7,(anonymous_0)
FNF:1
FNH:0
FNDA:0,(anonymous_0)
DA:7,31
DA:8,0
LF:2
LH:1
BRF:0
BRH:0
end_of_record
TN:
SF:src/interface/App.js
FN:33,(anonymous_0)
FN:34,(anonymous_1)
FN:36,(anonymous_2)
FN:40,(anonymous_3)
FN:41,(anonymous_4)
FN:43,(anonymous_5)
FN:48,isIE
FN:66,(anonymous_7)
FN:79,(anonymous_8)
FN:122,(anonymous_9)
FN:186,(anonymous_10)
FN:197,(anonymous_11)
FN:208,(anonymous_12)
FN:218,(anonymous_13)
FN:232,(anonymous_14)
FN:247,(anonymous_15)
FNF:16
FNH:5
FNDA:0,(anonymous_0)
FNDA:0,(anonymous_1)
FNDA:0,(anonymous_2)
FNDA:0,(anonymous_3)
FNDA:0,(anonymous_4)
FNDA:0,(anonymous_5)
FNDA:1,isIE
FNDA:2,(anonymous_7)
FNDA:0,(anonymous_8)
FNDA:0,(anonymous_9)
FNDA:0,(anonymous_10)
FNDA:1,(anonymous_11)
FNDA:0,(anonymous_12)
FNDA:0,(anonymous_13)
FNDA:1,(anonymous_14)
FNDA:1,(anonymous_15)
DA:33,1
DA:34,0
DA:35,0
DA:36,0
DA:40,1
DA:41,0
DA:42,0
DA:43,0
DA:49,1
DA:50,1
DA:54,1
DA:67,2
DA:68,1
DA:69,0
DA:72,1
DA:73,1
DA:75,1
DA:80,0
DA:81,0
DA:103,0
DA:104,0
DA:123,0
DA:124,0
DA:133,0
DA:134,0
DA:152,0
DA:153,0
DA:173,0
DA:187,0
DA:188,0
DA:198,1
DA:200,1
DA:201,0
DA:204,1
DA:209,0
DA:219,0
DA:233,1
DA:235,1
DA:247,1
DA:252,1
LF:40
LH:17
BRDA:50,0,0,1
BRDA:50,0,1,1
BRDA:68,1,0,0
BRDA:68,1,1,1
BRDA:73,2,0,1
BRDA:73,2,1,0
BRDA:80,3,0,0
BRDA:80,3,1,0
BRDA:103,4,0,0
BRDA:103,4,1,0
BRDA:133,5,0,0
BRDA:133,5,1,0
BRDA:152,6,0,0
BRDA:152,6,1,0
BRDA:179,7,0,0
BRDA:179,7,1,0
BRDA:200,8,0,0
BRDA:200,8,1,1
BRDA:237,9,0,0
BRDA:237,9,1,1
BRDA:238,10,0,1
BRDA:238,10,1,1
BRF:22
BRH:8
end_of_record
TN:
SF:src/interface/BAD_ICONS.ts
FNF:0
FNH:0
DA:8,31
LF:1
LH:1
BRF:0
BRH:0
end_of_record
TN:
SF:src/interface/Changelog.tsx
FN:12,(anonymous_0)
FN:15,(anonymous_1)
FN:22,(anonymous_2)
FN:23,(anonymous_3)
FN:46,(anonymous_4)
FNF:5
FNH:0
FNDA:0,(anonymous_0)
FNDA:0,(anonymous_1)
FNDA:0,(anonymous_2)
FNDA:0,(anonymous_3)
FNDA:0,(anonymous_4)
DA:12,1
DA:13,0
DA:15,0
DA:19,0
DA:22,0
DA:24,0
DA:25,0
DA:27,0
DA:30,0
DA:47,0
LF:10
LH:1
BRDA:12,0,0,0
BRDA:13,1,0,0
BRDA:13,1,1,0
BRDA:22,2,0,0
BRDA:22,2,1,0
BRDA:27,3,0,0
BRDA:27,3,1,0
BRDA:32,4,0,0
BRDA:32,4,1,0
BRDA:33,5,0,0
BRDA:33,5,1,0
BRDA:33,6,0,0
BRDA:33,6,1,0
BRF:13
BRH:0
end_of_record
TN:
SF:src/interface/ChangelogPanel.tsx
FN:8,(anonymous_0)
FN:25,(anonymous_1)
FN:30,(anonymous_2)
FN:41,(anonymous_3)
FN:49,(anonymous_4)
FNF:5
FNH:0
FNDA:0,(anonymous_0)
FNDA:0,(anonymous_1)
FNDA:0,(anonymous_2)
FNDA:0,(anonymous_3)
FNDA:0,(anonymous_4)
DA:8,0
DA:9,0
DA:10,0
DA:12,0
DA:14,0
DA:25,0
DA:31,0
DA:41,0
DA:49,0
LF:9
LH:0
BRDA:12,0,0,0
BRDA:12,0,1,0
BRDA:40,1,0,0
BRDA:40,1,1,0
BRDA:48,2,0,0
BRDA:48,2,1,0
BRF:6
BRH:0
end_of_record
TN:
SF:src/interface/CharacterPage.tsx
FN:12,(anonymous_0)
FNF:1
FNH:0
FNDA:0,(anonymous_0)
DA:12,0
DA:13,0
LF:2
LH:0
BRF:0
BRH:0
end_of_record
TN:
SF:src/interface/CharacterParses.js
FN:25,(anonymous_0)
FN:26,(anonymous_1)
FN:26,(anonymous_2)
FN:79,(anonymous_3)
FN:110,(anonymous_4)
FN:114,(anonymous_5)
FN:118,(anonymous_6)
FN:130,(anonymous_7)
FN:137,(anonymous_8)
FN:143,(anonymous_9)
FN:146,(anonymous_10)
FN:156,(anonymous_11)
FN:159,(anonymous_12)
FN:169,(anonymous_13)
FN:172,(anonymous_14)
FN:173,(anonymous_15)
FN:174,(anonymous_16)
FN:187,(anonymous_17)
FN:192,(anonymous_18)
FN:194,(anonymous_19)
FN:196,(anonymous_20)
FN:224,(anonymous_21)
FN:228,(anonymous_22)
FN:231,(anonymous_23)
FN:232,(anonymous_24)
FN:238,(anonymous_25)
FN:248,(anonymous_26)
FN:249,(anonymous_27)
FN:252,(anonymous_28)
FN:261,(anonymous_29)
FN:310,(anonymous_30)
FN:316,(anonymous_31)
FN:323,(anonymous_32)
FN:334,(anonymous_33)
FN:339,(anonymous_34)
FN:361,(anonymous_35)
FN:391,(anonymous_36)
FN:393,(anonymous_37)
FN:394,(anonymous_38)
FN:407,(anonymous_39)
FN:414,(anonymous_40)
FN:445,(anonymous_41)
FN:623,(anonymous_42)
FN:633,(anonymous_43)
FN:645,(anonymous_44)
FN:650,(anonymous_45)
FN:662,(anonymous_46)
FN:681,(anonymous_47)
FN:698,(anonymous_48)
FN:701,(anonymous_49)
FN:713,(anonymous_50)
FN:716,(anonymous_51)
FN:750,(anonymous_52)
FNF:53
FNH:0
FNDA:0,(anonymous_0)
FNDA:0,(anonymous_1)
FNDA:0,(anonymous_2)
FNDA:0,(anonymous_3)
FNDA:0,(anonymous_4)
FNDA:0,(anonymous_5)
FNDA:0,(anonymous_6)
FNDA:0,(anonymous_7)
FNDA:0,(anonymous_8)
FNDA:0,(anonymous_9)
FNDA:0,(anonymous_10)
FNDA:0,(anonymous_11)
FNDA:0,(anonymous_12)
FNDA:0,(anonymous_13)
FNDA:0,(anonymous_14)
FNDA:0,(anonymous_15)
FNDA:0,(anonymous_16)
FNDA:0,(anonymous_17)
FNDA:0,(anonymous_18)
FNDA:0,(anonymous_19)
FNDA:0,(anonymous_20)
FNDA:0,(anonymous_21)
FNDA:0,(anonymous_22)
FNDA:0,(anonymous_23)
FNDA:0,(anonymous_24)
FNDA:0,(anonymous_25)
FNDA:0,(anonymous_26)
FNDA:0,(anonymous_27)
FNDA:0,(anonymous_28)
FNDA:0,(anonymous_29)
FNDA:0,(anonymous_30)
FNDA:0,(anonymous_31)
FNDA:0,(anonymous_32)
FNDA:0,(anonymous_33)
FNDA:0,(anonymous_34)
FNDA:0,(anonymous_35)
FNDA:0,(anonymous_36)
FNDA:0,(anonymous_37)
FNDA:0,(anonymous_38)
FNDA:0,(anonymous_39)
FNDA:0,(anonymous_40)
FNDA:0,(anonymous_41)
FNDA:0,(anonymous_42)
FNDA:0,(anonymous_43)
FNDA:0,(anonymous_44)
FNDA:0,(anonymous_45)
FNDA:0,(anonymous_46)
FNDA:0,(anonymous_47)
FNDA:0,(anonymous_48)
FNDA:0,(anonymous_49)
FNDA:0,(anonymous_50)
FNDA:0,(anonymous_51)
FNDA:0,(anonymous_52)
DA:25,0
DA:26,0
DA:29,0
DA:31,0
DA:36,0
DA:37,0
DA:38,0
DA:39,0
DA:40,0
DA:72,0
DA:80,0
DA:81,0
DA:100,0
DA:101,0
DA:103,0
DA:104,0
DA:105,0
DA:106,0
DA:107,0
DA:111,0
DA:115,0
DA:119,0
DA:131,0
DA:138,0
DA:144,0
DA:145,0
DA:146,0
DA:148,0
DA:151,0
DA:157,0
DA:158,0
DA:159,0
DA:161,0
DA:164,0
DA:170,0
DA:171,0
DA:172,0
DA:173,0
DA:175,0
DA:176,0
DA:177,0
DA:178,0
DA:180,0
DA:183,0
DA:184,0
DA:187,0
DA:189,0
DA:193,0
DA:194,0
DA:196,0
DA:197,0
DA:198,0
DA:207,0
DA:224,0
DA:228,0
DA:229,0
DA:230,0
DA:231,0
DA:233,0
DA:234,0
DA:242,0
DA:245,0
DA:249,0
DA:253,0
DA:256,0
DA:257,0
DA:262,0
DA:265,0
DA:268,0
DA:269,0
DA:270,0
DA:274,0
DA:275,0
DA:276,0
DA:280,0
DA:281,0
DA:282,0
DA:286,0
DA:289,0
DA:291,0
DA:292,0
DA:297,0
DA:299,0
DA:300,0
DA:301,0
DA:302,0
DA:303,0
DA:304,0
DA:311,0
DA:317,0
DA:320,0
DA:321,0
DA:322,0
DA:323,0
DA:325,0
DA:326,0
DA:331,0
DA:335,0
DA:336,0
DA:340,0
DA:344,0
DA:345,0
DA:349,0
DA:350,0
DA:352,0
DA:362,0
DA:363,0
DA:368,0
DA:370,0
DA:371,0
DA:375,0
DA:378,0
DA:380,0
DA:381,0
DA:386,0
DA:389,0
DA:390,0
DA:391,0
DA:393,0
DA:394,0
DA:396,0
DA:398,0
DA:405,0
DA:407,0
DA:415,0
DA:416,0
DA:420,0
DA:422,0
DA:423,0
DA:424,0
DA:429,0
DA:430,0
DA:436,0
DA:447,0
DA:448,0
DA:480,0
DA:481,0
DA:493,0
DA:494,0
DA:510,0
DA:515,0
DA:532,0
DA:533,0
DA:551,0
DA:552,0
DA:553,0
DA:556,0
DA:624,0
DA:634,0
DA:645,0
DA:651,0
DA:663,0
DA:681,0
DA:699,0
DA:701,0
DA:714,0
DA:716,0
DA:751,0
DA:752,0
LF:159
LH:0
BRDA:145,0,0,0
BRDA:145,0,1,0
BRDA:158,1,0,0
BRDA:158,1,1,0
BRDA:175,2,0,0
BRDA:175,2,1,0
BRDA:177,3,0,0
BRDA:177,3,1,0
BRDA:183,4,0,0
BRDA:183,4,1,0
BRDA:197,5,0,0
BRDA:197,5,1,0
BRDA:229,6,0,0
BRDA:229,6,1,0
BRDA:229,7,0,0
BRDA:229,7,1,0
BRDA:256,8,0,0
BRDA:256,8,1,0
BRDA:269,9,0,0
BRDA:269,9,1,0
BRDA:275,10,0,0
BRDA:275,10,1,0
BRDA:281,11,0,0
BRDA:281,11,1,0
BRDA:291,12,0,0
BRDA:291,12,1,0
BRDA:303,13,0,0
BRDA:303,13,1,0
BRDA:322,14,0,0
BRDA:322,14,1,0
BRDA:325,15,0,0
BRDA:325,15,1,0
BRDA:336,16,0,0
BRDA:336,16,1,0
BRDA:339,17,0,0
BRDA:357,18,0,0
BRDA:357,18,1,0
BRDA:362,19,0,0
BRDA:362,19,1,0
BRDA:370,20,0,0
BRDA:370,20,1,0
BRDA:378,21,0,0
BRDA:378,21,1,0
BRDA:415,22,0,0
BRDA:415,22,1,0
BRDA:423,23,0,0
BRDA:423,23,1,0
BRDA:429,24,0,0
BRDA:429,24,1,0
BRDA:447,25,0,0
BRDA:447,25,1,0
BRDA:480,26,0,0
BRDA:480,26,1,0
BRDA:493,27,0,0
BRDA:493,27,1,0
BRDA:510,28,0,0
BRDA:510,28,1,0
BRDA:511,29,0,0
BRDA:511,29,1,0
BRDA:511,29,2,0
BRDA:532,30,0,0
BRDA:532,30,1,0
BRDA:532,31,0,0
BRDA:532,31,1,0
BRDA:552,32,0,0
BRDA:552,32,1,0
BRDA:591,33,0,0
BRDA:591,33,1,0
BRDA:703,34,0,0
BRDA:703,34,1,0
BRDA:718,35,0,0
BRDA:718,35,1,0
BRDA:731,36,0,0
BRDA:731,36,1,0
BRDA:745,37,0,0
BRDA:745,37,1,0
BRDA:762,38,0,0
BRDA:762,38,1,0
BRDA:779,39,0,0
BRDA:779,39,1,0
BRDA:780,40,0,0
BRDA:780,40,1,0
BRDA:780,40,2,0
BRDA:797,41,0,0
BRDA:797,41,1,0
BRDA:798,42,0,0
BRDA:798,42,1,0
BRF:87
BRH:0
end_of_record
TN:
SF:src/interface/CharacterParsesList.js
FN:31,(anonymous_0)
FN:36,(anonymous_1)
FN:40,(anonymous_2)
FN:43,(anonymous_3)
FN:57,(anonymous_4)
FN:65,(anonymous_5)
FN:69,(anonymous_6)
FN:97,(anonymous_7)
FNF:8
FNH:0
FNDA:0,(anonymous_0)
FNDA:0,(anonymous_1)
FNDA:0,(anonymous_2)
FNDA:0,(anonymous_3)
FNDA:0,(anonymous_4)
FNDA:0,(anonymous_5)
FNDA:0,(anonymous_6)
FNDA:0,(anonymous_7)
DA:13,0
DA:15,0
DA:24,0
DA:32,0
DA:33,0
DA:37,0
DA:41,0
DA:44,0
DA:58,0
DA:59,0
DA:66,0
DA:67,0
DA:70,0
DA:76,0
DA:98,0
LF:15
LH:0
BRDA:41,0,0,0
BRDA:41,0,1,0
BRDA:48,1,0,0
BRDA:48,1,1,0
BRDA:74,2,0,0
BRDA:74,2,1,0
BRDA:93,3,0,0
BRDA:93,3,1,0
BRDA:96,4,0,0
BRDA:96,4,1,0
BRDA:103,5,0,0
BRDA:103,5,1,0
BRF:12
BRH:0
end_of_record
TN:
SF:src/interface/ContributorButton.tsx
FN:8,(anonymous_0)
FN:9,(anonymous_1)
FN:11,(anonymous_2)
FN:24,(anonymous_3)
FN:38,(anonymous_4)
FN:52,(anonymous_5)
FNF:6
FNH:1
FNDA:0,(anonymous_0)
FNDA:0,(anonymous_1)
FNDA:0,(anonymous_2)
FNDA:50,(anonymous_3)
FNDA:0,(anonymous_4)
FNDA:0,(anonymous_5)
DA:8,1
DA:9,0
DA:10,0
DA:11,0
DA:24,1
DA:25,50
DA:28,50
DA:34,50
DA:35,50
DA:39,0
DA:40,0
DA:48,50
DA:52,0
LF:13
LH:7
BRDA:24,0,0,50
BRDA:29,1,0,50
BRDA:29,1,1,38
BRDA:34,2,0,50
BRDA:34,2,1,0
BRDA:51,3,0,50
BRDA:51,3,1,0
BRF:7
BRH:5
end_of_record
TN:
SF:src/interface/ContributorDetails.tsx
FN:19,(anonymous_0)
FN:26,(anonymous_1)
FN:30,(anonymous_2)
FN:40,(anonymous_3)
FN:44,(anonymous_4)
FN:66,(anonymous_5)
FN:72,(anonymous_6)
FN:91,(anonymous_7)
FN:97,(anonymous_8)
FN:101,(anonymous_9)
FN:127,(anonymous_10)
FN:129,(anonymous_11)
FN:130,(anonymous_12)
FN:132,(anonymous_13)
FN:143,(anonymous_14)
FN:153,(anonymous_15)
FN:165,(anonymous_16)
FN:170,(anonymous_17)
FN:185,(anonymous_18)
FN:199,(anonymous_19)
FN:207,(anonymous_20)
FN:217,(anonymous_21)
FN:226,(anonymous_22)
FN:233,(anonymous_23)
FN:288,(anonymous_24)
FN:305,(anonymous_25)
FNF:26
FNH:13
FNDA:1,(anonymous_0)
FNDA:0,(anonymous_1)
FNDA:0,(anonymous_2)
FNDA:783,(anonymous_3)
FNDA:0,(anonymous_4)
FNDA:1,(anonymous_5)
FNDA:0,(anonymous_6)
FNDA:1,(anonymous_7)
FNDA:0,(anonymous_8)
FNDA:0,(anonymous_9)
FNDA:1,(anonymous_10)
FNDA:45,(anonymous_11)
FNDA:54,(anonymous_12)
FNDA:0,(anonymous_13)
FNDA:0,(anonymous_14)
FNDA:2,(anonymous_15)
FNDA:0,(anonymous_16)
FNDA:2,(anonymous_17)
FNDA:0,(anonymous_18)
FNDA:1,(anonymous_19)
FNDA:0,(anonymous_20)
FNDA:1,(anonymous_21)
FNDA:45,(anonymous_22)
FNDA:37,(anonymous_23)
FNDA:0,(anonymous_24)
FNDA:0,(anonymous_25)
DA:20,1
DA:21,1
DA:27,0
DA:31,0
DA:41,783
DA:45,0
DA:46,0
DA:58,0
DA:67,1
DA:68,1
DA:71,0
DA:72,0
DA:73,0
DA:81,0
DA:92,1
DA:93,1
DA:96,0
DA:97,0
DA:98,0
DA:99,0
DA:100,0
DA:101,0
DA:102,0
DA:105,0
DA:113,0
DA:114,0
DA:124,0
DA:128,1
DA:130,54
DA:132,0
DA:133,1
DA:134,1
DA:137,0
DA:144,0
DA:154,2
DA:155,2
DA:156,2
DA:159,0
DA:160,0
DA:165,0
DA:171,2
DA:172,2
DA:175,0
DA:186,0
DA:200,1
DA:201,0
DA:204,1
DA:208,0
DA:209,0
DA:212,0
DA:218,1
DA:219,1
DA:221,1
DA:222,0
DA:225,1
DA:226,1
DA:227,45
DA:228,45
DA:231,1
DA:234,37
DA:235,37
DA:236,37
DA:240,1
DA:241,0
DA:244,1
DA:289,0
DA:306,0
LF:67
LH:31
BRDA:45,0,0,0
BRDA:45,0,1,0
BRDA:67,1,0,1
BRDA:67,1,1,0
BRDA:92,2,0,1
BRDA:92,2,1,0
BRDA:99,3,0,0
BRDA:99,3,1,0
BRDA:113,4,0,0
BRDA:113,4,1,0
BRDA:133,5,0,1
BRDA:133,5,1,0
BRDA:154,6,0,1
BRDA:154,6,1,1
BRDA:155,7,0,2
BRDA:155,7,1,0
BRDA:159,8,0,0
BRDA:159,8,1,0
BRDA:163,9,0,0
BRDA:163,9,1,0
BRDA:171,10,0,2
BRDA:171,10,1,0
BRDA:200,11,0,0
BRDA:200,11,1,1
BRDA:208,12,0,0
BRDA:208,12,1,0
BRDA:221,13,0,0
BRDA:221,13,1,1
BRDA:235,14,0,37
BRDA:235,14,1,0
BRDA:240,15,0,0
BRDA:240,15,1,1
BRDA:296,16,0,0
BRDA:296,16,1,0
BRF:34
BRH:11
end_of_record
TN:
SF:src/interface/ContributorPage.tsx
FN:9,(anonymous_0)
FNF:1
FNH:0
FNDA:0,(anonymous_0)
DA:9,0
DA:10,0
LF:2
LH:0
BRF:0
BRH:0
end_of_record
TN:
SF:src/interface/CyclingVideo.tsx
FN:9,(anonymous_0)
FN:13,(anonymous_1)
FNF:2
FNH:2
FNDA:9,(anonymous_0)
FNDA:2,(anonymous_1)
DA:9,1
DA:10,9
DA:11,9
DA:13,9
DA:14,2
DA:17,9
LF:6
LH:6
BRDA:9,0,0,0
BRF:1
BRH:0
end_of_record
TN:
SF:src/interface/DamageTakenTable.js
FN:27,(anonymous_0)
FN:29,(anonymous_1)
FN:79,(anonymous_2)
FN:96,(anonymous_3)
FNF:4
FNH:0
FNDA:0,(anonymous_0)
FNDA:0,(anonymous_1)
FNDA:0,(anonymous_2)
FNDA:0,(anonymous_3)
DA:8,0
DA:9,0
DA:10,0
DA:11,0
DA:14,0
DA:20,0
DA:28,0
DA:29,0
DA:30,0
DA:31,0
DA:62,0
DA:79,0
DA:96,0
LF:13
LH:0
BRF:0
BRH:0
end_of_record
TN:
SF:src/interface/DelayRender.tsx
FN:10,(anonymous_0)
FN:13,(anonymous_1)
FN:14,(anonymous_2)
FN:18,(anonymous_3)
FNF:4
FNH:2
FNDA:1,(anonymous_0)
FNDA:1,(anonymous_1)
FNDA:0,(anonymous_2)
FNDA:0,(anonymous_3)
DA:10,1
DA:11,1
DA:13,1
DA:14,1
DA:15,0
DA:18,1
DA:21,1
DA:22,1
DA:25,0
LF:9
LH:7
BRDA:21,0,0,1
BRDA:21,0,1,0
BRDA:22,1,0,0
BRDA:22,1,1,1
BRF:4
BRH:2
end_of_record
TN:
SF:src/interface/DiscordButton.js
FN:6,(anonymous_0)
FNF:1
FNH:0
FNDA:0,(anonymous_0)
DA:6,1
DA:7,0
DA:11,1
LF:3
LH:2
BRF:0
BRH:0
end_of_record
TN:
SF:src/interface/DocumentTitle.tsx
FN:9,(anonymous_0)
FN:10,(anonymous_1)
FNF:2
FNH:1
FNDA:1,(anonymous_0)
FNDA:0,(anonymous_1)
DA:3,1
DA:9,1
DA:10,1
DA:11,0
DA:13,1
LF:5
LH:4
BRDA:11,0,0,0
BRDA:11,0,1,0
BRF:2
BRH:0
end_of_record
TN:
SF:src/interface/DragScroll.tsx
FN:15,(anonymous_0)
FN:22,(anonymous_1)
FN:34,(anonymous_2)
FN:39,(anonymous_3)
FN:47,(anonymous_4)
FN:51,(anonymous_5)
FNF:6
FNH:0
FNDA:0,(anonymous_0)
FNDA:0,(anonymous_1)
FNDA:0,(anonymous_2)
FNDA:0,(anonymous_3)
FNDA:0,(anonymous_4)
FNDA:0,(anonymous_5)
DA:15,0
DA:16,0
DA:17,0
DA:19,0
DA:20,0
DA:22,0
DA:23,0
DA:25,0
DA:28,0
DA:29,0
DA:30,0
DA:31,0
DA:34,0
DA:35,0
DA:36,0
DA:39,0
DA:40,0
DA:41,0
DA:42,0
DA:43,0
DA:47,0
DA:48,0
DA:49,0
DA:51,0
DA:52,0
DA:53,0
DA:57,0
LF:27
LH:0
BRDA:15,0,0,0
BRDA:23,1,0,0
BRDA:23,1,1,0
BRDA:40,2,0,0
BRDA:40,2,1,0
BRDA:40,3,0,0
BRDA:40,3,1,0
BRDA:63,4,0,0
BRDA:63,4,1,0
BRF:9
BRH:0
end_of_record
TN:
SF:src/interface/ErrorBoundary.tsx
FN:25,(anonymous_0)
FN:33,(anonymous_1)
FN:41,(anonymous_2)
FN:50,(anonymous_3)
FNF:4
FNH:2
FNDA:31,(anonymous_0)
FNDA:0,(anonymous_1)
FNDA:0,(anonymous_2)
FNDA:30,(anonymous_3)
DA:21,31
DA:26,31
DA:27,30
DA:35,0
DA:38,0
DA:42,0
DA:44,0
DA:51,30
DA:52,0
DA:97,30
LF:10
LH:5
BRDA:42,0,0,0
BRDA:42,0,1,0
BRDA:51,1,0,0
BRDA:51,1,1,30
BRDA:80,2,0,0
BRDA:80,2,1,0
BRDA:85,3,0,0
BRDA:85,3,1,0
BRF:8
BRH:1
end_of_record
TN:
SF:src/interface/EventsTab.js
FN:113,(anonymous_0)
FN:116,(anonymous_1)
FN:125,(anonymous_2)
FN:131,(anonymous_3)
FN:132,(anonymous_4)
FN:136,(anonymous_5)
FN:140,(anonymous_6)
FN:147,(anonymous_7)
FN:154,(anonymous_8)
FN:170,(anonymous_9)
FN:174,(anonymous_10)
FN:180,(anonymous_11)
FN:198,(anonymous_12)
FN:206,(anonymous_13)
FN:216,(anonymous_14)
FN:220,(anonymous_15)
FN:224,(anonymous_16)
FN:230,(anonymous_17)
FN:239,(anonymous_18)
FN:243,(anonymous_19)
FN:245,(anonymous_20)
FN:261,(anonymous_21)
FN:296,(anonymous_22)
FN:299,(anonymous_23)
FN:331,(anonymous_24)
FN:336,(anonymous_25)
FN:345,(anonymous_26)
FN:358,(anonymous_27)
FN:368,(anonymous_28)
FN:376,(anonymous_29)
FN:384,(anonymous_30)
FN:393,(anonymous_31)
FN:499,(anonymous_32)
FNF:33
FNH:0
FNDA:0,(anonymous_0)
FNDA:0,(anonymous_1)
FNDA:0,(anonymous_2)
FNDA:0,(anonymous_3)
FNDA:0,(anonymous_4)
FNDA:0,(anonymous_5)
FNDA:0,(anonymous_6)
FNDA:0,(anonymous_7)
FNDA:0,(anonymous_8)
FNDA:0,(anonymous_9)
FNDA:0,(anonymous_10)
FNDA:0,(anonymous_11)
FNDA:0,(anonymous_12)
FNDA:0,(anonymous_13)
FNDA:0,(anonymous_14)
FNDA:0,(anonymous_15)
FNDA:0,(anonymous_16)
FNDA:0,(anonymous_17)
FNDA:0,(anonymous_18)
FNDA:0,(anonymous_19)
FNDA:0,(anonymous_20)
FNDA:0,(anonymous_21)
FNDA:0,(anonymous_22)
FNDA:0,(anonymous_23)
FNDA:0,(anonymous_24)
FNDA:0,(anonymous_25)
FNDA:0,(anonymous_26)
FNDA:0,(anonymous_27)
FNDA:0,(anonymous_28)
FNDA:0,(anonymous_29)
FNDA:0,(anonymous_30)
FNDA:0,(anonymous_31)
FNDA:0,(anonymous_32)
DA:22,0
DA:109,0
DA:114,0
DA:115,0
DA:117,0
DA:118,0
DA:124,0
DA:125,0
DA:126,0
DA:127,0
DA:132,0
DA:133,0
DA:134,0
DA:136,0
DA:137,0
DA:138,0
DA:140,0
DA:141,0
DA:142,0
DA:144,0
DA:148,0
DA:149,0
DA:151,0
DA:155,0
DA:156,0
DA:158,0
DA:160,0
DA:171,0
DA:175,0
DA:176,0
DA:177,0
DA:181,0
DA:198,0
DA:207,0
DA:208,0
DA:217,0
DA:221,0
DA:225,0
DA:230,0
DA:240,0
DA:242,0
DA:243,0
DA:245,0
DA:246,0
DA:247,0
DA:249,0
DA:250,0
DA:254,0
DA:255,0
DA:258,0
DA:259,0
DA:261,0
DA:262,0
DA:265,0
DA:266,0
DA:267,0
DA:268,0
DA:271,0
DA:272,0
DA:274,0
DA:275,0
DA:277,0
DA:278,0
DA:280,0
DA:286,0
DA:296,0
DA:299,0
DA:332,0
DA:336,0
DA:346,0
DA:359,0
DA:368,0
DA:376,0
DA:384,0
DA:394,0
DA:395,0
DA:416,0
DA:417,0
DA:438,0
DA:439,0
DA:446,0
DA:447,0
DA:455,0
DA:459,0
DA:460,0
DA:461,0
DA:462,0
DA:472,0
DA:479,0
DA:481,0
DA:489,0
DA:500,0
DA:501,0
DA:511,0
DA:512,0
DA:522,0
DA:523,0
DA:524,0
DA:525,0
DA:536,0
LF:100
LH:0
BRDA:133,0,0,0
BRDA:133,0,1,0
BRDA:137,1,0,0
BRDA:137,1,1,0
BRDA:141,2,0,0
BRDA:141,2,1,0
BRDA:148,3,0,0
BRDA:148,3,1,0
BRDA:155,4,0,0
BRDA:155,4,1,0
BRDA:163,5,0,0
BRDA:163,5,1,0
BRDA:171,6,0,0
BRDA:171,6,1,0
BRDA:171,7,0,0
BRDA:171,7,1,0
BRDA:176,8,0,0
BRDA:176,8,1,0
BRDA:180,9,0,0
BRDA:186,10,0,0
BRDA:186,10,1,0
BRDA:210,11,0,0
BRDA:210,11,1,0
BRDA:211,12,0,0
BRDA:211,12,1,0
BRDA:212,13,0,0
BRDA:212,13,1,0
BRDA:243,14,0,0
BRDA:243,14,1,0
BRDA:246,15,0,0
BRDA:246,15,1,0
BRDA:249,16,0,0
BRDA:249,16,1,0
BRDA:249,17,0,0
BRDA:249,17,1,0
BRDA:254,18,0,0
BRDA:254,18,1,0
BRDA:262,19,0,0
BRDA:262,19,1,0
BRDA:265,20,0,0
BRDA:265,20,1,0
BRDA:267,21,0,0
BRDA:267,21,1,0
BRDA:267,22,0,0
BRDA:267,22,1,0
BRDA:271,23,0,0
BRDA:271,23,1,0
BRDA:271,24,0,0
BRDA:271,24,1,0
BRDA:274,25,0,0
BRDA:274,25,1,0
BRDA:274,26,0,0
BRDA:274,26,1,0
BRDA:277,27,0,0
BRDA:277,27,1,0
BRDA:277,28,0,0
BRDA:277,28,1,0
BRDA:394,29,0,0
BRDA:394,29,1,0
BRDA:399,30,0,0
BRDA:399,30,1,0
BRDA:399,31,0,0
BRDA:399,31,1,0
BRDA:407,32,0,0
BRDA:407,32,1,0
BRDA:416,33,0,0
BRDA:416,33,1,0
BRDA:421,34,0,0
BRDA:421,34,1,0
BRDA:421,35,0,0
BRDA:421,35,1,0
BRDA:429,36,0,0
BRDA:429,36,1,0
BRDA:438,37,0,0
BRDA:438,37,1,0
BRDA:446,38,0,0
BRDA:446,38,1,0
BRDA:446,39,0,0
BRDA:446,39,1,0
BRDA:455,40,0,0
BRDA:455,40,1,0
BRDA:456,41,0,0
BRDA:456,41,1,0
BRDA:460,42,0,0
BRDA:460,42,1,0
BRDA:461,43,0,0
BRDA:461,43,1,0
BRDA:464,44,0,0
BRDA:464,44,1,0
BRDA:467,45,0,0
BRDA:467,45,1,0
BRDA:472,46,0,0
BRDA:472,46,1,0
BRDA:473,47,0,0
BRDA:473,47,1,0
BRDA:473,47,2,0
BRDA:473,47,3,0
BRDA:479,48,0,0
BRDA:479,48,1,0
BRDA:483,49,0,0
BRDA:483,49,1,0
BRDA:484,50,0,0
BRDA:484,50,1,0
BRDA:500,51,0,0
BRDA:500,51,1,0
BRDA:503,52,0,0
BRDA:503,52,1,0
BRDA:511,53,0,0
BRDA:511,53,1,0
BRDA:514,54,0,0
BRDA:514,54,1,0
BRDA:522,55,0,0
BRDA:522,55,1,0
BRDA:524,56,0,0
BRDA:524,56,1,0
BRDA:528,57,0,0
BRDA:528,57,1,0
BRF:117
BRH:0
end_of_record
TN:
SF:src/interface/Expandable.tsx
FN:16,(anonymous_0)
FN:18,(anonymous_1)
FN:19,(anonymous_2)
FN:36,(anonymous_3)
FNF:4
FNH:1
FNDA:0,(anonymous_0)
FNDA:0,(anonymous_1)
FNDA:0,(anonymous_2)
FNDA:242,(anonymous_3)
DA:16,31
DA:17,0
DA:18,0
DA:19,0
DA:22,0
DA:24,0
DA:36,31
DA:37,242
DA:39,242
LF:9
LH:4
BRDA:25,0,0,0
BRDA:25,0,1,0
BRDA:25,1,0,0
BRDA:25,1,1,0
BRDA:29,2,0,0
BRDA:29,2,1,0
BRDA:40,3,0,56
BRDA:40,3,1,186
BRDA:40,4,0,242
BRDA:40,4,1,0
BRDA:44,5,0,56
BRDA:44,5,1,186
BRF:12
BRH:5
end_of_record
TN:
SF:src/interface/Footer.tsx
FN:9,(anonymous_0)
FNF:1
FNH:1
FNDA:1,(anonymous_0)
DA:9,1
DA:10,1
LF:2
LH:2
BRF:0
BRH:0
end_of_record
TN:
SF:src/interface/FullscreenError.tsx
FN:15,(anonymous_0)
FNF:1
FNH:0
FNDA:0,(anonymous_0)
DA:15,1
DA:18,0
LF:2
LH:1
BRDA:35,0,0,0
BRDA:35,0,1,0
BRF:2
BRH:0
end_of_record
TN:
SF:src/interface/FullscreenErrorBackgroundImage.tsx
FN:43,(anonymous_0)
FNF:1
FNH:0
FNDA:0,(anonymous_0)
DA:5,1
DA:43,1
DA:44,0
LF:3
LH:2
BRF:0
BRH:0
end_of_record
TN:
SF:src/interface/GitHubButton.tsx
FN:10,(anonymous_0)
FNF:1
FNH:0
FNDA:0,(anonymous_0)
DA:10,1
DA:11,0
LF:2
LH:1
BRDA:10,0,0,0
BRF:1
BRH:0
end_of_record
TN:
SF:src/interface/GuildPage.tsx
FN:11,(anonymous_0)
FNF:1
FNH:0
FNDA:0,(anonymous_0)
DA:11,0
DA:12,0
LF:2
LH:0
BRF:0
BRH:0
end_of_record
TN:
SF:src/interface/GuildReports.tsx
FN:21,(anonymous_0)
FN:22,(anonymous_1)
FN:22,(anonymous_2)
FN:75,(anonymous_3)
FN:90,(anonymous_4)
FN:94,(anonymous_5)
FN:103,(anonymous_6)
FN:145,(anonymous_7)
FN:150,(anonymous_8)
FN:153,(anonymous_9)
FN:155,(anonymous_10)
FN:159,(anonymous_11)
FN:170,(anonymous_12)
FN:179,(anonymous_13)
FN:184,(anonymous_14)
FN:206,(anonymous_15)
FN:221,(anonymous_16)
FN:249,(anonymous_17)
FN:391,(anonymous_18)
FN:398,(anonymous_19)
FN:409,(anonymous_20)
FN:412,(anonymous_21)
FN:445,(anonymous_22)
FNF:23
FNH:0
FNDA:0,(anonymous_0)
FNDA:0,(anonymous_1)
FNDA:0,(anonymous_2)
FNDA:0,(anonymous_3)
FNDA:0,(anonymous_4)
FNDA:0,(anonymous_5)
FNDA:0,(anonymous_6)
FNDA:0,(anonymous_7)
FNDA:0,(anonymous_8)
FNDA:0,(anonymous_9)
FNDA:0,(anonymous_10)
FNDA:0,(anonymous_11)
FNDA:0,(anonymous_12)
FNDA:0,(anonymous_13)
FNDA:0,(anonymous_14)
FNDA:0,(anonymous_15)
FNDA:0,(anonymous_16)
FNDA:0,(anonymous_17)
FNDA:0,(anonymous_18)
FNDA:0,(anonymous_19)
FNDA:0,(anonymous_20)
FNDA:0,(anonymous_21)
FNDA:0,(anonymous_22)
DA:21,0
DA:22,0
DA:24,0
DA:25,0
DA:26,0
DA:27,0
DA:28,0
DA:30,0
DA:76,0
DA:77,0
DA:87,0
DA:91,0
DA:95,0
DA:98,0
DA:99,0
DA:104,0
DA:107,0
DA:110,0
DA:114,0
DA:115,0
DA:119,0
DA:120,0
DA:121,0
DA:125,0
DA:126,0
DA:127,0
DA:131,0
DA:134,0
DA:136,0
DA:138,0
DA:143,0
DA:145,0
DA:146,0
DA:151,0
DA:152,0
DA:153,0
DA:155,0
DA:156,0
DA:160,0
DA:162,0
DA:163,0
DA:164,0
DA:167,0
DA:169,0
DA:170,0
DA:171,0
DA:172,0
DA:176,0
DA:180,0
DA:181,0
DA:185,0
DA:189,0
DA:190,0
DA:194,0
DA:195,0
DA:197,0
DA:199,0
DA:200,0
DA:207,0
DA:208,0
DA:213,0
DA:215,0
DA:222,0
DA:223,0
DA:227,0
DA:231,0
DA:234,0
DA:235,0
DA:236,0
DA:237,0
DA:239,0
DA:241,0
DA:251,0
DA:254,0
DA:259,0
DA:268,0
DA:273,0
DA:274,0
DA:286,0
DA:287,0
DA:298,0
DA:303,0
DA:311,0
DA:312,0
DA:323,0
DA:324,0
DA:325,0
DA:326,0
DA:329,0
DA:391,0
DA:399,0
DA:409,0
DA:413,0
DA:446,0
DA:447,0
LF:95
LH:0
BRDA:98,0,0,0
BRDA:98,0,1,0
BRDA:114,1,0,0
BRDA:114,1,1,0
BRDA:120,2,0,0
BRDA:120,2,1,0
BRDA:126,3,0,0
BRDA:126,3,1,0
BRDA:136,4,0,0
BRDA:136,4,1,0
BRDA:145,5,0,0
BRDA:145,5,1,0
BRDA:152,6,0,0
BRDA:152,6,1,0
BRDA:163,7,0,0
BRDA:163,7,1,0
BRDA:171,8,0,0
BRDA:171,8,1,0
BRDA:181,9,0,0
BRDA:181,9,1,0
BRDA:207,10,0,0
BRDA:207,10,1,0
BRDA:222,11,0,0
BRDA:222,11,1,0
BRDA:234,12,0,0
BRDA:234,12,1,0
BRDA:236,13,0,0
BRDA:236,13,1,0
BRDA:273,14,0,0
BRDA:273,14,1,0
BRDA:286,15,0,0
BRDA:286,15,1,0
BRDA:298,16,0,0
BRDA:298,16,1,0
BRDA:299,17,0,0
BRDA:299,17,1,0
BRDA:299,17,2,0
BRDA:311,18,0,0
BRDA:311,18,1,0
BRDA:311,19,0,0
BRDA:311,19,1,0
BRDA:325,20,0,0
BRDA:325,20,1,0
BRDA:365,21,0,0
BRDA:365,21,1,0
BRDA:426,22,0,0
BRDA:426,22,1,0
BRDA:440,23,0,0
BRDA:440,23,1,0
BRDA:455,24,0,0
BRDA:455,24,1,0
BRDA:472,25,0,0
BRDA:472,25,1,0
BRDA:473,26,0,0
BRDA:473,26,1,0
BRDA:473,26,2,0
BRDA:490,27,0,0
BRDA:490,27,1,0
BRDA:491,28,0,0
BRDA:491,28,1,0
BRDA:491,28,2,0
BRF:61
BRH:0
end_of_record
TN:
SF:src/interface/GuildReportsList.tsx
FN:10,zoneNameById
FN:11,(anonymous_1)
FN:14,(anonymous_2)
FN:24,(anonymous_3)
FNF:4
FNH:0
FNDA:0,zoneNameById
FNDA:0,(anonymous_1)
FNDA:0,(anonymous_2)
FNDA:0,(anonymous_3)
DA:11,0
DA:14,0
DA:15,0
DA:25,0
DA:27,0
LF:5
LH:0
BRF:0
BRH:0
end_of_record
TN:
SF:src/interface/HelpWantedPage.tsx
FN:6,(anonymous_0)
FNF:1
FNH:0
FNDA:0,(anonymous_0)
DA:6,0
DA:7,0
LF:2
LH:0
BRF:0
BRH:0
end_of_record
TN:
SF:src/interface/Home.js
FN:23,(anonymous_0)
FN:24,(anonymous_1)
FN:25,(anonymous_2)
FN:28,(anonymous_3)
FN:29,(anonymous_4)
FN:30,(anonymous_5)
FN:33,(anonymous_6)
FN:34,(anonymous_7)
FN:36,(anonymous_8)
FN:40,(anonymous_9)
FN:41,(anonymous_10)
FN:43,(anonymous_11)
FN:47,(anonymous_12)
FN:48,(anonymous_13)
FN:50,(anonymous_14)
FN:54,(anonymous_15)
FN:55,(anonymous_16)
FN:57,(anonymous_17)
FN:61,(anonymous_18)
FN:62,(anonymous_19)
FN:64,(anonymous_20)
FN:68,(anonymous_21)
FN:69,(anonymous_22)
FN:70,(anonymous_23)
FN:86,(anonymous_24)
FN:116,(anonymous_25)
FN:132,(anonymous_26)
FN:160,(anonymous_27)
FN:171,(anonymous_28)
FN:177,(anonymous_29)
FN:201,(anonymous_30)
FNF:31
FNH:7
FNDA:1,(anonymous_0)
FNDA:1,(anonymous_1)
FNDA:1,(anonymous_2)
FNDA:0,(anonymous_3)
FNDA:0,(anonymous_4)
FNDA:0,(anonymous_5)
FNDA:0,(anonymous_6)
FNDA:0,(anonymous_7)
FNDA:0,(anonymous_8)
FNDA:0,(anonymous_9)
FNDA:0,(anonymous_10)
FNDA:0,(anonymous_11)
FNDA:0,(anonymous_12)
FNDA:0,(anonymous_13)
FNDA:0,(anonymous_14)
FNDA:0,(anonymous_15)
FNDA:0,(anonymous_16)
FNDA:0,(anonymous_17)
FNDA:0,(anonymous_18)
FNDA:0,(anonymous_19)
FNDA:0,(anonymous_20)
FNDA:0,(anonymous_21)
FNDA:0,(anonymous_22)
FNDA:0,(anonymous_23)
FNDA:1,(anonymous_24)
FNDA:1,(anonymous_25)
FNDA:5,(anonymous_26)
FNDA:0,(anonymous_27)
FNDA:0,(anonymous_28)
FNDA:0,(anonymous_29)
FNDA:1,(anonymous_30)
DA:23,1
DA:24,1
DA:25,1
DA:28,1
DA:29,0
DA:30,0
DA:33,1
DA:34,0
DA:35,0
DA:36,0
DA:40,1
DA:41,0
DA:42,0
DA:43,0
DA:47,1
DA:48,0
DA:49,0
DA:50,0
DA:54,1
DA:55,0
DA:56,0
DA:57,0
DA:61,1
DA:62,0
DA:63,0
DA:64,0
DA:68,1
DA:69,0
DA:70,0
DA:75,1
DA:82,1
DA:87,1
DA:117,1
DA:119,1
DA:121,1
DA:133,5
DA:134,5
DA:136,5
DA:142,5
DA:161,0
DA:172,0
DA:178,0
DA:201,1
LF:43
LH:21
BRDA:119,0,0,1
BRDA:119,0,1,0
BRDA:143,1,0,1
BRDA:143,1,1,4
BRDA:144,2,0,5
BRDA:144,2,1,0
BRDA:190,3,0,1
BRDA:190,3,1,0
BRF:8
BRH:5
end_of_record
TN:
SF:src/interface/Hotkeys.ts
FN:3,(anonymous_0)
FN:4,(anonymous_1)
FN:5,(anonymous_2)
FN:24,(anonymous_3)
FNF:4
FNH:2
FNDA:1,(anonymous_0)
FNDA:1,(anonymous_1)
FNDA:0,(anonymous_2)
FNDA:0,(anonymous_3)
DA:3,1
DA:4,1
DA:5,1
DA:6,0
DA:7,0
DA:10,0
DA:18,0
DA:19,0
DA:23,1
DA:24,1
DA:27,1
LF:11
LH:6
BRDA:6,0,0,0
BRDA:6,0,1,0
BRDA:6,1,0,0
BRDA:6,1,1,0
BRDA:10,2,0,0
BRDA:10,2,1,0
BRDA:11,3,0,0
BRDA:11,3,1,0
BRF:8
BRH:0
end_of_record
TN:
SF:src/interface/Icon.tsx
FN:16,(anonymous_0)
FNF:1
FNH:1
FNDA:1457,(anonymous_0)
DA:16,31
DA:17,1457
DA:18,0
DA:20,1457
DA:21,1457
DA:23,0
DA:25,1457
DA:27,0
DA:30,1457
DA:31,1457
DA:32,13
DA:35,1457
LF:12
LH:9
BRDA:16,0,0,9
BRDA:17,1,0,0
BRDA:17,1,1,1457
BRDA:21,2,0,0
BRDA:21,2,1,1457
BRDA:25,3,0,0
BRDA:25,3,1,1457
BRDA:31,4,0,13
BRDA:31,4,1,1444
BRDA:39,5,0,1457
BRDA:39,5,1,1457
BRF:11
BRH:8
end_of_record
TN:
SF:src/interface/ItemIcon.tsx
FN:14,(anonymous_0)
FNF:1
FNH:1
FNDA:4,(anonymous_0)
DA:14,31
DA:16,4
DA:23,4
DA:24,0
DA:27,4
LF:5
LH:4
BRDA:17,0,0,4
BRDA:17,0,1,0
BRDA:18,1,0,4
BRDA:18,1,1,0
BRDA:23,2,0,0
BRDA:23,2,1,4
BRF:6
BRH:3
end_of_record
TN:
SF:src/interface/ItemLink.tsx
FN:21,(anonymous_0)
FN:24,(anonymous_1)
FN:51,(anonymous_2)
FNF:3
FNH:3
FNDA:8,(anonymous_0)
FNDA:8,(anonymous_1)
FNDA:8,(anonymous_2)
DA:19,31
DA:21,31
DA:22,8
DA:24,8
DA:25,8
DA:28,8
DA:29,8
DA:30,8
DA:32,8
DA:33,0
DA:37,8
DA:38,0
DA:39,8
DA:40,0
DA:42,8
DA:45,8
DA:52,8
DA:61,31
LF:18
LH:15
BRDA:32,0,0,0
BRDA:32,0,1,8
BRDA:32,1,0,8
BRDA:32,1,1,0
BRDA:32,1,2,0
BRDA:37,2,0,0
BRDA:37,2,1,8
BRDA:37,3,0,8
BRDA:37,3,1,0
BRDA:39,4,0,0
BRDA:39,4,1,8
BRDA:40,5,0,0
BRDA:40,5,1,0
BRDA:42,6,0,8
BRDA:42,6,1,0
BRDA:56,7,0,8
BRDA:56,7,1,0
BRDA:56,8,0,8
BRDA:56,8,1,4
BRF:19
BRH:9
end_of_record
TN:
SF:src/interface/LanguageSwitcher.tsx
FN:12,(anonymous_0)
FN:18,(anonymous_1)
FN:26,(anonymous_2)
FN:28,(anonymous_3)
FN:38,(anonymous_4)
FNF:5
FNH:1
FNDA:1,(anonymous_0)
FNDA:0,(anonymous_1)
FNDA:0,(anonymous_2)
FNDA:0,(anonymous_3)
FNDA:0,(anonymous_4)
DA:12,1
DA:13,1
DA:15,1
DA:16,1
DA:18,1
DA:19,0
DA:20,0
DA:23,1
DA:24,0
DA:28,0
DA:36,1
DA:38,0
LF:12
LH:7
BRDA:23,0,0,0
BRDA:23,0,1,1
BRF:2
BRH:1
end_of_record
TN:
SF:src/interface/LoadingBar.tsx
FN:11,(anonymous_0)
FN:14,(anonymous_1)
FN:26,(anonymous_2)
FNF:3
FNH:0
FNDA:0,(anonymous_0)
FNDA:0,(anonymous_1)
FNDA:0,(anonymous_2)
DA:11,1
DA:12,0
DA:14,0
DA:15,0
DA:16,0
DA:17,0
DA:18,0
DA:20,0
DA:24,0
DA:27,0
DA:28,0
DA:30,0
LF:12
LH:1
BRDA:11,0,0,0
BRDA:11,1,0,0
BRDA:15,2,0,0
BRDA:15,2,1,0
BRDA:17,3,0,0
BRDA:17,3,1,0
BRF:6
BRH:0
end_of_record
TN:
SF:src/interface/Modal.tsx
FN:17,(anonymous_0)
FN:18,(anonymous_1)
FNF:2
FNH:0
FNDA:0,(anonymous_0)
FNDA:0,(anonymous_1)
DA:17,1
DA:18,0
DA:19,0
DA:20,0
DA:23,0
LF:5
LH:1
BRF:0
BRH:0
end_of_record
TN:
SF:src/interface/NameSearch.tsx
FN:37,(anonymous_0)
FN:45,(anonymous_1)
FN:51,(anonymous_2)
FN:126,(anonymous_3)
FN:129,(anonymous_4)
FN:138,(anonymous_5)
FN:155,(anonymous_6)
FN:157,(anonymous_7)
FN:167,(anonymous_8)
FN:172,(anonymous_9)
FNF:10
FNH:0
FNDA:0,(anonymous_0)
FNDA:0,(anonymous_1)
FNDA:0,(anonymous_2)
FNDA:0,(anonymous_3)
FNDA:0,(anonymous_4)
FNDA:0,(anonymous_5)
FNDA:0,(anonymous_6)
FNDA:0,(anonymous_7)
FNDA:0,(anonymous_8)
FNDA:0,(anonymous_9)
DA:28,0
DA:38,0
DA:39,0
DA:40,0
DA:41,0
DA:42,0
DA:46,0
DA:47,0
DA:52,0
DA:54,0
DA:55,0
DA:56,0
DA:58,0
DA:59,0
DA:60,0
DA:66,0
DA:70,0
DA:71,0
DA:77,0
DA:79,0
DA:81,0
DA:83,0
DA:84,0
DA:86,0
DA:88,0
DA:89,0
DA:95,0
DA:98,0
DA:99,0
DA:100,0
DA:106,0
DA:109,0
DA:110,0
DA:111,0
DA:117,0
DA:120,0
DA:123,0
DA:127,0
DA:129,0
DA:130,0
DA:132,0
DA:140,0
DA:149,0
DA:155,0
DA:158,0
DA:167,0
DA:173,0
LF:47
LH:0
BRDA:46,0,0,0
BRDA:46,0,1,0
BRDA:58,1,0,0
BRDA:58,1,1,0
BRDA:59,2,0,0
BRDA:59,2,1,0
BRDA:59,3,0,0
BRDA:59,3,1,0
BRDA:59,3,2,0
BRDA:70,4,0,0
BRDA:70,4,1,0
BRDA:81,5,0,0
BRDA:81,5,1,0
BRDA:83,6,0,0
BRDA:83,6,1,0
BRDA:88,7,0,0
BRDA:88,7,1,0
BRDA:99,8,0,0
BRDA:99,8,1,0
BRDA:110,9,0,0
BRDA:110,9,1,0
BRDA:129,10,0,0
BRDA:129,10,1,0
BRDA:140,11,0,0
BRDA:140,11,1,0
BRDA:195,12,0,0
BRDA:195,12,1,0
BRF:27
BRH:0
end_of_record
TN:
SF:src/interface/NavigationBar.tsx
FN:24,(anonymous_0)
FN:27,(anonymous_1)
FN:28,(anonymous_2)
FN:29,(anonymous_3)
FNF:4
FNH:4
FNDA:1,(anonymous_0)
FNDA:1,(anonymous_1)
FNDA:1,(anonymous_2)
FNDA:1,(anonymous_3)
DA:24,1
DA:25,1
DA:26,1
DA:27,1
DA:28,1
DA:29,1
DA:31,1
LF:7
LH:7
BRDA:27,0,0,1
BRDA:27,0,1,0
BRDA:39,1,0,1
BRDA:39,1,1,1
BRDA:40,2,0,1
BRDA:40,2,1,0
BRDA:45,3,0,1
BRDA:45,3,1,0
BRDA:48,4,0,0
BRDA:48,4,1,0
BRDA:56,5,0,1
BRDA:56,5,1,0
BRDA:56,5,2,0
BRDA:56,5,3,0
BRDA:58,6,0,0
BRDA:58,6,1,0
BRDA:59,7,0,0
BRDA:59,7,1,0
BRDA:81,8,0,0
BRDA:81,8,1,1
BRDA:81,9,0,1
BRDA:81,9,1,0
BRF:22
BRH:8
end_of_record
TN:
SF:src/interface/News.tsx
FN:7,(anonymous_0)
FNF:1
FNH:1
FNDA:2,(anonymous_0)
DA:7,1
DA:8,2
LF:2
LH:2
BRF:0
BRH:0
end_of_record
TN:
SF:src/interface/NewsArticleLoader.tsx
FN:11,(anonymous_0)
FN:15,(anonymous_1)
FN:19,(anonymous_2)
FN:20,(anonymous_3)
FN:22,(anonymous_4)
FN:23,(anonymous_5)
FNF:6
FNH:0
FNDA:0,(anonymous_0)
FNDA:0,(anonymous_1)
FNDA:0,(anonymous_2)
FNDA:0,(anonymous_3)
FNDA:0,(anonymous_4)
FNDA:0,(anonymous_5)
DA:11,1
DA:12,0
DA:13,0
DA:15,0
DA:16,0
DA:19,0
DA:20,0
DA:21,0
DA:22,0
DA:23,0
DA:27,0
DA:28,0
DA:31,0
LF:13
LH:1
BRDA:27,0,0,0
BRDA:27,0,1,0
BRDA:31,1,0,0
BRDA:31,1,1,0
BRF:4
BRH:0
end_of_record
TN:
SF:src/interface/NewsImageArticle.tsx
FN:11,(anonymous_0)
FNF:1
FNH:0
FNDA:0,(anonymous_0)
DA:11,0
DA:12,0
LF:2
LH:0
BRF:0
BRH:0
end_of_record
TN:
SF:src/interface/NewsList.tsx
FN:20,(anonymous_0)
FN:21,(anonymous_1)
FN:40,(anonymous_2)
FN:42,(anonymous_3)
FN:43,(anonymous_4)
FN:45,(anonymous_5)
FN:48,(anonymous_6)
FN:57,(anonymous_7)
FN:62,(anonymous_8)
FN:69,(anonymous_9)
FN:73,(anonymous_10)
FN:100,(anonymous_11)
FNF:12
FNH:9
FNDA:15,(anonymous_0)
FNDA:16,(anonymous_1)
FNDA:7015,(anonymous_2)
FNDA:1,(anonymous_3)
FNDA:1,(anonymous_4)
FNDA:1,(anonymous_5)
FNDA:0,(anonymous_6)
FNDA:0,(anonymous_7)
FNDA:0,(anonymous_8)
FNDA:1040,(anonymous_9)
FNDA:50,(anonymous_10)
FNDA:50,(anonymous_11)
DA:17,1
DA:19,1
DA:20,15
DA:22,16
DA:23,16
DA:33,1
DA:34,1
DA:37,1
DA:40,7015
DA:42,1
DA:43,1
DA:45,1
DA:46,1
DA:48,1
DA:49,0
DA:50,0
DA:51,0
DA:52,0
DA:54,0
DA:57,1
DA:58,0
DA:59,0
DA:62,1
DA:63,0
DA:64,0
DA:67,1
DA:68,1
DA:69,1040
DA:71,1
DA:74,50
DA:75,0
DA:76,0
DA:84,50
DA:85,50
DA:101,50
LF:35
LH:24
BRDA:50,0,0,0
BRDA:50,0,1,0
BRDA:69,1,0,1040
BRDA:69,1,1,1040
BRDA:74,2,0,0
BRDA:74,2,1,50
BRDA:89,3,0,11
BRDA:89,3,1,39
BRDA:114,4,0,1
BRDA:114,4,1,1
BRDA:122,5,0,1
BRDA:122,5,1,0
BRF:12
BRH:8
end_of_record
TN:
SF:src/interface/NewsPage.tsx
FN:15,(anonymous_0)
FN:51,(anonymous_1)
FN:55,(anonymous_2)
FN:65,(anonymous_3)
FNF:4
FNH:0
FNDA:0,(anonymous_0)
FNDA:0,(anonymous_1)
FNDA:0,(anonymous_2)
FNDA:0,(anonymous_3)
DA:15,0
DA:16,0
DA:18,0
DA:19,0
DA:22,0
DA:42,0
DA:51,0
DA:52,0
DA:53,0
DA:56,0
DA:65,0
DA:66,0
LF:12
LH:0
BRDA:18,0,0,0
BRDA:18,0,1,0
BRDA:58,1,0,0
BRDA:58,1,1,0
BRF:4
BRH:0
end_of_record
TN:
SF:src/interface/NewsRegularArticle.tsx
FN:16,(anonymous_0)
FNF:1
FNH:0
FNDA:0,(anonymous_0)
DA:16,0
DA:17,0
DA:19,0
LF:3
LH:0
BRF:0
BRH:0
end_of_record
TN:
SF:src/interface/NotFound.tsx
FN:3,(anonymous_0)
FNF:1
FNH:0
FNDA:0,(anonymous_0)
DA:3,1
DA:4,0
LF:2
LH:1
BRF:0
BRH:0
end_of_record
TN:
SF:src/interface/Panel.tsx
FN:10,(anonymous_0)
FN:59,(anonymous_1)
FNF:2
FNH:2
FNDA:28,(anonymous_0)
FNDA:28,(anonymous_1)
DA:10,31
DA:11,28
DA:12,0
DA:16,28
DA:32,28
DA:33,0
DA:43,28
DA:59,31
DA:70,28
LF:9
LH:7
BRDA:11,0,0,0
BRDA:11,0,1,28
BRDA:18,1,0,28
BRDA:18,1,1,0
BRDA:20,2,0,4
BRDA:20,2,1,24
BRDA:28,3,0,28
BRDA:28,3,1,2
BRDA:32,4,0,0
BRDA:32,4,1,28
BRDA:61,5,0,28
BRDA:63,6,0,0
BRDA:72,7,0,0
BRDA:72,7,1,28
BRF:14
BRH:9
end_of_record
TN:
SF:src/interface/PatreonButton.tsx
FN:7,(anonymous_0)
FNF:1
FNH:0
FNDA:0,(anonymous_0)
DA:7,0
DA:8,0
LF:2
LH:0
BRDA:7,0,0,0
BRF:1
BRH:0
end_of_record
TN:
SF:src/interface/Portal.tsx
FN:7,(anonymous_0)
FN:10,(anonymous_1)
FN:12,(anonymous_2)
FNF:3
FNH:0
FNDA:0,(anonymous_0)
FNDA:0,(anonymous_1)
FNDA:0,(anonymous_2)
DA:7,1
DA:8,0
DA:10,0
DA:11,0
DA:12,0
DA:13,0
DA:14,0
DA:19,0
LF:8
LH:1
BRDA:13,0,0,0
BRDA:13,0,1,0
BRDA:19,1,0,0
BRDA:19,1,1,0
BRF:4
BRH:0
end_of_record
TN:
SF:src/interface/PortalTarget.tsx
FN:5,(anonymous_0)
FN:13,(anonymous_1)
FN:19,(anonymous_2)
FN:23,(anonymous_3)
FNF:4
FNH:1
FNDA:0,(anonymous_0)
FNDA:0,(anonymous_1)
FNDA:0,(anonymous_2)
FNDA:1,(anonymous_3)
DA:3,1
DA:5,1
DA:6,0
DA:7,0
DA:8,0
DA:10,0
DA:13,1
DA:14,0
DA:15,0
DA:16,0
DA:19,1
DA:20,0
DA:23,1
LF:13
LH:5
BRDA:7,0,0,0
BRDA:7,0,1,0
BRF:2
BRH:0
end_of_record
TN:
SF:src/interface/PremiumLoginPanel.js
FN:23,(anonymous_0)
FN:51,(anonymous_1)
FN:56,(anonymous_2)
FN:61,(anonymous_3)
FN:108,(anonymous_4)
FN:178,(anonymous_5)
FNF:6
FNH:0
FNDA:0,(anonymous_0)
FNDA:0,(anonymous_1)
FNDA:0,(anonymous_2)
FNDA:0,(anonymous_3)
FNDA:0,(anonymous_4)
FNDA:0,(anonymous_5)
DA:16,0
DA:23,0
DA:40,0
DA:52,0
DA:53,0
DA:57,0
DA:58,0
DA:62,0
DA:64,0
DA:65,0
DA:67,0
DA:109,0
DA:111,0
DA:178,0
LF:14
LH:0
BRDA:65,0,0,0
BRDA:65,0,1,0
BRDA:65,1,0,0
BRDA:65,1,1,0
BRDA:71,2,0,0
BRDA:71,2,1,0
BRDA:72,3,0,0
BRDA:72,3,1,0
BRDA:83,4,0,0
BRDA:83,4,1,0
BRDA:119,5,0,0
BRDA:119,5,1,0
BRF:12
BRH:0
end_of_record
TN:
SF:src/interface/PremiumPage.js
FN:34,(anonymous_0)
FN:37,(anonymous_1)
FN:252,(anonymous_2)
FNF:3
FNH:0
FNDA:0,(anonymous_0)
FNDA:0,(anonymous_1)
FNDA:0,(anonymous_2)
DA:21,0
DA:32,0
DA:34,0
DA:38,0
DA:40,0
DA:252,0
LF:6
LH:0
BRDA:192,0,0,0
BRDA:192,0,1,0
BRDA:202,1,0,0
BRDA:202,1,1,0
BRDA:217,2,0,0
BRDA:217,2,1,0
BRDA:217,2,2,0
BRDA:223,3,0,0
BRDA:223,3,1,0
BRDA:223,3,2,0
BRDA:232,4,0,0
BRDA:232,4,1,0
BRF:12
BRH:0
end_of_record
TN:
SF:src/interface/REGION_CODES.ts
FNF:0
FNH:0
DA:4,2
LF:1
LH:1
BRF:0
BRH:0
end_of_record
TN:
SF:src/interface/REPORT_HISTORY_TYPES.js
FNF:0
FNH:0
LF:0
LH:0
BRF:0
BRH:0
end_of_record
TN:
SF:src/interface/ReadableListing.tsx
FN:9,(anonymous_0)
FN:12,(anonymous_1)
FNF:2
FNH:2
FNDA:54,(anonymous_0)
FNDA:60,(anonymous_1)
DA:9,2
DA:10,54
DA:11,54
DA:12,54
DA:13,60
DA:14,60
DA:15,6
DA:16,6
DA:17,3
DA:19,3
DA:22,60
DA:24,54
LF:12
LH:12
BRDA:9,0,0,54
BRDA:14,1,0,6
BRDA:14,1,1,54
BRDA:16,2,0,3
BRDA:16,2,1,3
BRF:5
BRH:5
end_of_record
TN:
SF:src/interface/ReportHistory.js
FN:8,(anonymous_0)
FN:15,(anonymous_1)
FNF:2
FNH:0
FNDA:0,(anonymous_0)
FNDA:0,(anonymous_1)
DA:8,1
DA:9,0
DA:11,0
DA:13,0
DA:16,0
DA:74,1
LF:6
LH:2
BRDA:17,0,0,0
[...]
FN:9,(anonymous_1)
FN:15,(anonymous_2)
FN:20,(anonymous_3)
FNF:4
FNH:0
FNDA:0,(anonymous_0)
FNDA:0,(anonymous_1)
FNDA:0,(anonymous_2)
FNDA:0,(anonymous_3)
DA:6,0
DA:10,0
DA:13,0
DA:16,0
DA:17,0
DA:21,0
DA:23,0
DA:24,0
LF:8
LH:0
BRDA:23,0,0,0
BRDA:23,0,1,0
BRF:2
BRH:0
end_of_record
TN:
SF:src/parser/tbc/modules/items/Potion.ts
FN:40,(anonymous_0)
FN:44,(anonymous_1)
FN:62,(anonymous_2)
FN:65,(anonymous_3)
FN:72,(anonymous_4)
FN:76,(anonymous_5)
FN:83,(anonymous_6)
FN:87,(anonymous_7)
FNF:8
FNH:0
FNDA:0,(anonymous_0)
FNDA:0,(anonymous_1)
FNDA:0,(anonymous_2)
FNDA:0,(anonymous_3)
FNDA:0,(anonymous_4)
FNDA:0,(anonymous_5)
FNDA:0,(anonymous_6)
FNDA:0,(anonymous_7)
DA:21,0
DA:38,0
DA:41,0
DA:45,0
DA:47,0
DA:48,0
DA:49,0
DA:51,0
DA:60,0
DA:62,0
DA:63,0
DA:65,0
DA:73,0
DA:77,0
DA:78,0
DA:80,0
DA:84,0
DA:88,0
DA:89,0
LF:19
LH:0
BRDA:47,0,0,0
BRDA:47,0,1,0
BRDA:60,1,0,0
BRDA:60,1,1,0
BRDA:90,2,0,0
BRDA:90,2,1,0
BRF:6
BRH:0
end_of_record
TN:
SF:src/parser/tbc/modules/items/WeaponEnhancementChecker.tsx
FN:20,(anonymous_0)
FN:24,(anonymous_1)
FNF:2
FNH:0
FNDA:0,(anonymous_0)
FNDA:0,(anonymous_1)
DA:4,0
DA:13,0
DA:21,0
DA:25,0
LF:4
LH:0
BRF:0
BRH:0
end_of_record
TN:
SF:src/parser/tbc/modules/resources/ManaTracker.ts
FN:5,(anonymous_0)
FNF:1
FNH:0
FNDA:0,(anonymous_0)
DA:6,0
LF:1
LH:0
BRF:0
BRH:0
end_of_record
TN:
SF:src/parser/tbc/statistic/ManaGained.tsx
FN:10,(anonymous_0)
FN:25,(anonymous_1)
FNF:2
FNH:0
FNDA:0,(anonymous_0)
FNDA:0,(anonymous_1)
DA:10,0
DA:11,0
DA:17,0
DA:18,0
DA:21,0
DA:26,0
LF:6
LH:0
BRDA:17,0,0,0
BRDA:17,0,1,0
BRF:2
BRH:0
end_of_record
TN:
SF:src/parser/tbc/suggestions/lowRankSpells.tsx
FN:14,(anonymous_0)
FN:14,(anonymous_1)
FN:21,(anonymous_2)
FN:24,(anonymous_3)
FN:26,(anonymous_4)
FNF:5
FNH:5
FNDA:6,(anonymous_0)
FNDA:6,(anonymous_1)
FNDA:6,(anonymous_2)
FNDA:12,(anonymous_3)
FNDA:2,(anonymous_4)
DA:14,6
DA:18,6
DA:20,6
DA:22,6
DA:24,12
DA:26,2
LF:6
LH:6
BRDA:14,0,0,6
BRDA:24,1,0,12
BRDA:24,1,1,2
BRDA:36,2,0,2
BRDA:36,2,1,2
BRF:5
BRH:5
end_of_record
TN:
SF:src/parser/ui/AverageTargetsHit.js
FN:3,(anonymous_0)
FNF:1
FNH:1
FNDA:4,(anonymous_0)
DA:3,3
DA:4,4
DA:5,4
DA:6,4
DA:19,3
DA:28,3
LF:6
LH:6
BRDA:5,0,0,4
BRDA:5,0,1,0
BRDA:8,1,0,4
BRDA:8,1,1,0
BRDA:12,2,0,1
BRDA:12,2,1,3
BRDA:13,3,0,1
BRDA:13,3,1,3
BRDA:13,4,0,0
BRDA:13,4,1,3
BRF:10
BRH:7
end_of_record
TN:
SF:src/parser/ui/BaseChart.tsx
FN:30,formatTime
FN:34,BaseChart
FNF:2
FNH:2
FNDA:4,formatTime
FNDA:9,BaseChart
DA:4,26
DA:31,4
DA:35,9
DA:46,9
LF:4
LH:4
BRDA:30,0,0,2
BRF:1
BRH:1
end_of_record
TN:
SF:src/parser/ui/BoringItemValueText.tsx
FN:17,(anonymous_0)
FNF:1
FNH:1
FNDA:4,(anonymous_0)
DA:17,26
DA:18,4
LF:2
LH:2
BRDA:18,0,0,4
BRDA:18,0,1,4
BRF:2
BRH:2
end_of_record
TN:
SF:src/parser/ui/BoringResourceValue.tsx
FN:21,(anonymous_0)
FNF:1
FNH:1
FNDA:16,(anonymous_0)
DA:21,10
DA:22,16
LF:2
LH:2
BRDA:22,0,0,16
BRDA:22,0,1,16
BRF:2
BRH:2
end_of_record
TN:
SF:src/parser/ui/BoringSpellValue.tsx
FN:19,(anonymous_0)
FNF:1
FNH:1
FNDA:9,(anonymous_0)
DA:19,3
DA:20,9
LF:2
LH:2
BRDA:20,0,0,9
BRDA:20,0,1,8
BRF:2
BRH:2
end_of_record
TN:
SF:src/parser/ui/BoringSpellValueText.tsx
FN:16,(anonymous_0)
FNF:1
FNH:1
FNDA:179,(anonymous_0)
DA:16,18
DA:17,179
LF:2
LH:2
BRDA:17,0,0,179
BRDA:17,0,1,179
BRF:2
BRH:2
end_of_record
TN:
SF:src/parser/ui/BoringValueText.tsx
FN:13,(anonymous_0)
FNF:1
FNH:1
FNDA:15,(anonymous_0)
DA:13,11
DA:14,15
LF:2
LH:2
BRDA:14,0,0,15
BRDA:14,0,1,15
BRF:2
BRH:2
end_of_record
TN:
SF:src/parser/ui/CastEfficiency.tsx
FN:14,(anonymous_0)
FN:18,(anonymous_1)
FN:18,(anonymous_2)
FN:19,(anonymous_3)
FN:20,(anonymous_4)
FN:66,(anonymous_5)
FN:67,(anonymous_6)
FNF:7
FNH:7
FNDA:22,(anonymous_0)
FNDA:242,(anonymous_1)
FNDA:4962,(anonymous_2)
FNDA:141,(anonymous_3)
FNDA:138,(anonymous_4)
FNDA:4323,(anonymous_5)
FNDA:684,(anonymous_6)
DA:14,26
DA:15,22
DA:18,4962
DA:19,141
DA:21,138
DA:66,4323
DA:68,684
DA:69,684
LF:8
LH:8
BRDA:68,0,0,684
BRDA:68,0,1,680
BRDA:89,1,0,228
BRDA:89,1,1,456
BRDA:92,2,0,228
BRDA:92,2,1,456
BRDA:92,3,0,684
BRDA:92,3,1,456
BRDA:101,4,0,74
BRDA:101,4,1,382
BRDA:101,5,0,456
BRDA:101,5,1,74
BRDA:101,5,2,74
BRDA:112,6,0,456
BRDA:112,6,1,228
BRDA:115,7,0,684
BRDA:115,7,1,74
BRDA:115,7,2,74
BRDA:115,7,3,74
BRF:19
BRH:19
end_of_record
TN:
SF:src/parser/ui/ConduitSpellText.tsx
FN:12,(anonymous_0)
FNF:1
FNH:1
FNDA:12,(anonymous_0)
DA:12,9
DA:13,12
LF:2
LH:2
BRDA:13,0,0,12
BRDA:13,0,1,12
BRF:2
BRH:2
end_of_record
TN:
SF:src/parser/ui/Cooldown.js
FN:42,(anonymous_0)
FN:52,(anonymous_1)
FN:58,(anonymous_2)
FN:64,(anonymous_3)
FN:66,(anonymous_4)
FN:92,(anonymous_5)
FN:96,(anonymous_6)
FN:97,(anonymous_7)
FN:108,(anonymous_8)
FN:110,(anonymous_9)
FN:118,(anonymous_10)
FN:123,(anonymous_11)
FN:155,(anonymous_12)
FN:165,(anonymous_13)
FN:166,(anonymous_14)
FN:197,(anonymous_15)
FN:198,(anonymous_16)
FN:248,(anonymous_17)
FN:252,(anonymous_18)
FN:320,(anonymous_19)
FN:380,(anonymous_20)
FN:381,(anonymous_21)
FN:403,(anonymous_22)
FN:404,(anonymous_23)
FN:426,(anonymous_24)
FN:428,(anonymous_25)
FN:434,(anonymous_26)
FN:436,(anonymous_27)
FNF:28
FNH:0
FNDA:0,(anonymous_0)
FNDA:0,(anonymous_1)
FNDA:0,(anonymous_2)
FNDA:0,(anonymous_3)
FNDA:0,(anonymous_4)
FNDA:0,(anonymous_5)
FNDA:0,(anonymous_6)
FNDA:0,(anonymous_7)
FNDA:0,(anonymous_8)
FNDA:0,(anonymous_9)
FNDA:0,(anonymous_10)
FNDA:0,(anonymous_11)
FNDA:0,(anonymous_12)
FNDA:0,(anonymous_13)
FNDA:0,(anonymous_14)
FNDA:0,(anonymous_15)
FNDA:0,(anonymous_16)
FNDA:0,(anonymous_17)
FNDA:0,(anonymous_18)
FNDA:0,(anonymous_19)
FNDA:0,(anonymous_20)
FNDA:0,(anonymous_21)
FNDA:0,(anonymous_22)
FNDA:0,(anonymous_23)
FNDA:0,(anonymous_24)
FNDA:0,(anonymous_25)
FNDA:0,(anonymous_26)
FNDA:0,(anonymous_27)
DA:15,15
DA:43,0
DA:44,0
DA:48,0
DA:49,0
DA:53,0
DA:59,0
DA:65,0
DA:66,0
DA:67,0
DA:68,0
DA:69,0
DA:70,0
DA:71,0
DA:72,0
DA:73,0
DA:74,0
DA:75,0
DA:77,0
DA:84,0
DA:85,0
DA:88,0
DA:93,0
DA:94,0
DA:95,0
DA:96,0
DA:98,0
DA:99,0
DA:102,0
DA:109,0
DA:111,0
DA:115,0
DA:119,0
DA:120,0
DA:124,0
DA:126,0
DA:128,0
DA:129,0
DA:130,0
DA:134,0
DA:155,0
DA:165,0
DA:167,0
DA:197,0
DA:199,0
DA:249,0
DA:253,0
DA:254,0
DA:321,0
DA:323,0
DA:325,0
DA:350,0
DA:352,0
DA:379,0
DA:380,0
DA:381,0
DA:382,0
DA:402,0
DA:403,0
DA:404,0
DA:405,0
DA:423,0
DA:424,0
DA:425,0
DA:426,0
DA:429,0
DA:433,0
DA:434,0
DA:437,0
DA:441,0
DA:455,0
DA:456,0
DA:482,0
LF:73
LH:1
BRDA:67,0,0,0
BRDA:67,0,1,0
BRDA:69,1,0,0
BRDA:69,1,1,0
BRDA:71,2,0,0
BRDA:71,2,1,0
BRDA:71,3,0,0
BRDA:71,3,1,0
BRDA:74,4,0,0
BRDA:74,4,1,0
BRDA:75,5,0,0
BRDA:75,5,1,0
BRDA:80,6,0,0
BRDA:80,6,1,0
BRDA:81,7,0,0
BRDA:81,7,1,0
BRDA:96,8,0,0
BRDA:96,8,1,0
BRDA:98,9,0,0
BRDA:98,9,1,0
BRDA:99,10,0,0
BRDA:99,10,1,0
BRDA:111,11,0,0
BRDA:111,11,1,0
BRDA:111,12,0,0
BRDA:111,12,1,0
BRDA:111,13,0,0
BRDA:111,13,1,0
BRDA:120,14,0,0
BRDA:120,14,1,0
BRDA:130,15,0,0
BRDA:130,15,1,0
BRDA:142,16,0,0
BRDA:142,16,1,0
BRDA:162,17,0,0
BRDA:162,17,1,0
BRDA:165,18,0,0
BRDA:165,18,1,0
BRDA:194,19,0,0
BRDA:194,19,1,0
BRDA:194,19,2,0
BRDA:197,20,0,0
BRDA:197,20,1,0
BRDA:244,21,0,0
BRDA:244,21,1,0
BRDA:244,21,2,0
BRDA:249,22,0,0
BRDA:249,22,1,0
BRDA:249,22,2,0
BRDA:253,23,0,0
BRDA:253,23,1,0
BRDA:261,24,0,0
BRDA:261,24,1,0
BRDA:276,25,0,0
BRDA:276,25,1,0
BRDA:282,26,0,0
BRDA:282,26,1,0
BRDA:317,27,0,0
BRDA:317,27,1,0
BRDA:321,28,0,0
BRDA:321,28,1,0
BRDA:321,28,2,0
BRDA:321,28,3,0
BRDA:321,28,4,0
BRDA:321,28,5,0
BRDA:321,28,6,0
BRDA:324,29,0,0
BRDA:324,29,1,0
BRDA:351,30,0,0
BRDA:351,30,1,0
BRDA:381,31,0,0
BRDA:381,31,1,0
BRDA:404,32,0,0
BRDA:404,32,1,0
BRDA:424,33,0,0
BRDA:424,33,1,0
BRDA:429,34,0,0
BRDA:429,34,1,0
BRDA:437,35,0,0
BRDA:437,35,1,0
BRDA:485,36,0,0
BRDA:485,36,1,0
BRF:82
BRH:0
end_of_record
TN:
SF:src/parser/ui/CooldownOverview.js
FN:5,(anonymous_0)
FN:7,(anonymous_1)
FNF:2
FNH:0
FNDA:0,(anonymous_0)
FNDA:0,(anonymous_1)
DA:5,15
DA:6,0
DA:8,0
DA:23,15
LF:4
LH:2
BRF:0
BRH:0
end_of_record
TN:
SF:src/parser/ui/DistanceRadar.js
FN:7,(anonymous_0)
FNF:1
FNH:1
FNDA:1,(anonymous_0)
DA:7,1
DA:8,1
DA:9,1
DA:51,1
DA:57,1
LF:5
LH:5
BRF:0
BRH:0
end_of_record
TN:
SF:src/parser/ui/DistanceRadarRing.js
FN:3,(anonymous_0)
FNF:1
FNH:1
FNDA:5,(anonymous_0)
DA:3,1
DA:4,5
DA:20,1
DA:26,1
LF:4
LH:4
BRF:0
BRH:0
end_of_record
TN:
SF:src/parser/ui/DonutChart.js
FN:31,(anonymous_0)
FN:32,(anonymous_1)
FN:36,(anonymous_2)
FN:56,(anonymous_3)
FN:80,(anonymous_4)
FN:81,(anonymous_5)
FN:95,(anonymous_6)
FNF:7
FNH:7
FNDA:8,(anonymous_0)
FNDA:22,(anonymous_1)
FNDA:22,(anonymous_2)
FNDA:8,(anonymous_3)
FNDA:22,(anonymous_4)
FNDA:22,(anonymous_5)
FNDA:8,(anonymous_6)
DA:11,4
DA:26,4
DA:32,22
DA:34,8
DA:37,22
DA:38,22
DA:39,22
DA:57,8
DA:59,8
DA:62,8
DA:80,22
DA:81,22
DA:89,8
DA:96,8
DA:98,8
LF:15
LH:15
BRDA:37,0,0,1
BRDA:37,0,1,21
BRDA:38,1,0,21
BRDA:38,1,1,1
BRDA:46,2,0,16
BRDA:46,2,1,6
BRF:6
BRH:6
end_of_record
TN:
SF:src/parser/ui/DualStatisticBox.js
FN:11,(anonymous_0)
FN:21,(anonymous_1)
FNF:2
FNH:0
FNDA:0,(anonymous_0)
FNDA:0,(anonymous_1)
DA:11,0
DA:12,0
DA:22,0
DA:31,0
DA:37,0
LF:5
LH:0
BRF:0
BRH:0
end_of_record
TN:
SF:src/parser/ui/FlushLineChart.tsx
FN:14,FlushLineChart
FN:45,(anonymous_1)
FNF:2
FNH:1
FNDA:94,FlushLineChart
FNDA:0,(anonymous_1)
DA:15,94
DA:16,0
DA:19,94
DA:20,94
DA:22,94
DA:45,0
DA:83,94
LF:7
LH:5
BRDA:15,0,0,0
BRDA:15,0,1,94
BRDA:19,1,0,94
BRDA:19,1,1,94
BRDA:20,2,0,94
BRDA:20,2,1,94
BRDA:41,3,0,94
BRDA:41,3,1,0
BRF:8
BRH:6
end_of_record
TN:
SF:src/parser/ui/FooterChart.tsx
FN:19,FooterChart
FN:34,(anonymous_1)
FNF:2
FNH:2
FNDA:96,FooterChart
FNDA:96,(anonymous_1)
DA:20,96
DA:24,96
DA:26,96
DA:35,96
DA:36,0
DA:46,96
LF:6
LH:5
BRDA:24,0,0,96
BRDA:24,0,1,96
BRDA:35,1,0,0
BRDA:35,1,1,96
BRDA:41,2,0,0
BRDA:41,2,1,0
BRF:6
BRH:3
end_of_record
TN:
SF:src/parser/ui/Gauge.js
FN:5,(anonymous_0)
FNF:1
FNH:1
FNDA:4,(anonymous_0)
DA:5,4
DA:6,4
DA:131,4
LF:3
LH:3
BRF:0
BRH:0
end_of_record
TN:
SF:src/parser/ui/ItemDamageDone.tsx
FN:13,(anonymous_0)
FNF:1
FNH:1
FNDA:73,(anonymous_0)
DA:13,26
DA:14,73
DA:20,26
LF:3
LH:3
BRDA:15,0,0,73
BRDA:15,0,1,0
BRF:2
BRH:1
end_of_record
TN:
SF:src/parser/ui/ItemDamageTaken.tsx
FN:13,(anonymous_0)
FNF:1
FNH:0
FNDA:0,(anonymous_0)
DA:13,0
DA:14,0
DA:20,0
LF:3
LH:0
BRDA:15,0,0,0
BRDA:15,0,1,0
BRF:2
BRH:0
end_of_record
TN:
SF:src/parser/ui/ItemHealingDone.tsx
FN:15,(anonymous_0)
FNF:1
FNH:1
FNDA:6,(anonymous_0)
DA:15,26
DA:19,6
DA:27,26
LF:3
LH:3
BRDA:20,0,0,6
BRDA:20,0,1,0
BRDA:21,1,0,6
BRDA:21,1,1,0
BRDA:22,2,0,6
BRDA:22,2,1,0
BRF:6
BRH:3
end_of_record
TN:
SF:src/parser/ui/ItemManaGained.tsx
FN:14,(anonymous_0)
FNF:1
FNH:0
FNDA:0,(anonymous_0)
DA:14,2
DA:15,0
DA:21,2
LF:3
LH:2
BRDA:16,0,0,0
BRDA:16,0,1,0
BRF:2
BRH:0
end_of_record
TN:
SF:src/parser/ui/ItemPercentDamageDone.tsx
FN:18,(anonymous_0)
FNF:1
FNH:0
FNDA:0,(anonymous_0)
DA:18,1
DA:22,0
DA:30,1
LF:3
LH:2
BRDA:23,0,0,0
BRDA:23,0,1,0
BRDA:24,1,0,0
BRDA:24,1,1,0
BRDA:25,2,0,0
BRDA:25,2,1,0
BRF:6
BRH:0
end_of_record
TN:
SF:src/parser/ui/ItemPercentHealingDone.tsx
FN:18,(anonymous_0)
FNF:1
FNH:0
FNDA:0,(anonymous_0)
DA:18,0
DA:22,0
DA:30,0
LF:3
LH:0
BRDA:23,0,0,0
BRDA:23,0,1,0
BRDA:24,1,0,0
BRDA:24,1,1,0
BRDA:25,2,0,0
BRDA:25,2,1,0
BRF:6
BRH:0
end_of_record
TN:
SF:src/parser/ui/ItemStatistic.js
FN:10,(anonymous_0)
FNF:1
FNH:0
FNDA:0,(anonymous_0)
DA:10,0
DA:11,0
DA:12,0
LF:3
LH:0
BRF:0
BRH:0
end_of_record
TN:
SF:src/parser/ui/LazyLoadStatisticBox.js
FN:21,(anonymous_0)
FN:30,(anonymous_1)
FN:38,(anonymous_2)
FN:48,(anonymous_3)
FNF:4
FNH:2
FNDA:2,(anonymous_0)
FNDA:0,(anonymous_1)
FNDA:0,(anonymous_2)
FNDA:1,(anonymous_3)
DA:12,1
DA:17,1
DA:22,2
DA:23,1
DA:27,1
DA:31,0
DA:32,0
DA:35,0
DA:38,0
DA:39,0
DA:43,0
DA:44,0
DA:49,1
DA:50,1
DA:51,1
DA:53,1
LF:16
LH:9
BRDA:31,0,0,0
BRDA:31,0,1,0
BRDA:56,1,0,0
BRDA:56,1,1,1
BRDA:56,2,0,0
BRDA:56,2,1,1
BRDA:57,3,0,0
BRDA:57,3,1,1
BRDA:60,4,0,0
BRDA:60,4,1,1
BRF:10
BRH:4
end_of_record
TN:
SF:src/parser/ui/ManaLevelGraph.js
FN:47,(anonymous_0)
FN:148,(anonymous_1)
FNF:2
FNH:0
FNDA:0,(anonymous_0)
FNDA:0,(anonymous_1)
DA:8,1
DA:35,1
DA:39,0
DA:48,0
DA:50,0
DA:71,0
DA:140,0
DA:146,0
DA:148,0
LF:9
LH:2
BRF:0
BRH:0
end_of_record
TN:
SF:src/parser/ui/ManaStyles.js
FNF:0
FNH:0
DA:1,1
DA:13,1
LF:2
LH:2
BRF:0
BRH:0
end_of_record
TN:
SF:src/parser/ui/OneVariableBinomialChart.js
FN:34,(anonymous_0)
FN:99,(anonymous_1)
FNF:2
FNH:2
FNDA:1,(anonymous_0)
FNDA:1,(anonymous_1)
DA:8,9
DA:30,1
DA:35,1
DA:37,1
DA:42,1
DA:97,1
DA:99,1
LF:7
LH:7
BRF:0
BRH:0
end_of_record
TN:
SF:src/parser/ui/Panel.js
FN:5,(anonymous_0)
FNF:1
FNH:1
FNDA:28,(anonymous_0)
DA:5,26
DA:6,28
DA:10,26
DA:17,26
LF:4
LH:4
BRDA:5,0,0,0
BRF:1
BRH:0
end_of_record
TN:
SF:src/parser/ui/PerformanceBar.tsx
FN:7,(anonymous_0)
FNF:1
FNH:0
FNDA:0,(anonymous_0)
DA:7,1
DA:8,0
LF:2
LH:1
BRF:0
BRH:0
end_of_record
TN:
SF:src/parser/ui/PlayerBreakdown.js
FN:24,(anonymous_0)
FN:27,(anonymous_1)
FN:44,(anonymous_2)
FN:46,(anonymous_3)
FN:59,(anonymous_4)
FN:64,(anonymous_5)
FN:68,(anonymous_6)
FN:72,(anonymous_7)
FN:83,(anonymous_8)
FN:87,(anonymous_9)
FN:91,(anonymous_10)
FN:111,(anonymous_11)
FN:150,(anonymous_12)
FN:151,(anonymous_13)
FN:187,(anonymous_14)
FN:188,(anonymous_15)
FNF:16
FNH:8
FNDA:1,(anonymous_0)
FNDA:18,(anonymous_1)
FNDA:0,(anonymous_2)
FNDA:0,(anonymous_3)
FNDA:1,(anonymous_4)
FNDA:18,(anonymous_5)
FNDA:16,(anonymous_6)
FNDA:16,(anonymous_7)
FNDA:0,(anonymous_8)
FNDA:0,(anonymous_9)
FNDA:0,(anonymous_10)
FNDA:0,(anonymous_11)
FNDA:0,(anonymous_12)
FNDA:0,(anonymous_13)
FNDA:44,(anonymous_14)
FNDA:16,(anonymous_15)
DA:15,1
DA:20,1
DA:25,1
DA:26,1
DA:27,1
DA:28,18
DA:29,18
DA:31,18
DA:32,16
DA:41,1
DA:45,0
DA:46,0
DA:47,0
DA:49,0
DA:56,0
DA:60,1
DA:62,1
DA:63,1
DA:64,18
DA:67,1
DA:68,16
DA:71,1
DA:72,16
DA:76,1
DA:77,1
DA:78,1
DA:79,1
DA:80,1
DA:81,0
DA:82,0
DA:83,0
DA:86,0
DA:87,0
DA:90,0
DA:91,0
DA:96,1
DA:111,0
DA:150,0
DA:155,0
DA:157,0
DA:159,0
DA:161,0
DA:187,44
DA:189,16
DA:190,16
DA:191,0
DA:192,0
DA:194,16
DA:198,16
DA:200,16
DA:202,16
DA:204,16
LF:52
LH:32
BRDA:31,0,0,16
BRDA:31,0,1,2
BRDA:36,1,0,16
BRDA:36,1,1,0
BRDA:52,2,0,0
BRDA:52,2,1,0
BRDA:80,3,0,0
BRDA:80,3,1,1
BRDA:98,4,0,1
BRDA:98,4,1,0
BRDA:147,5,0,1
BRDA:147,5,1,0
BRDA:147,5,2,0
BRDA:184,6,0,1
BRDA:184,6,1,1
BRDA:184,6,2,1
BRDA:190,7,0,0
BRDA:190,7,1,16
BRF:18
BRH:10
end_of_record
TN:
SF:src/parser/ui/PlayerHits.js
FN:16,(anonymous_0)
FNF:1
FNH:1
FNDA:1,(anonymous_0)
DA:16,1
DA:17,1
DA:19,1
DA:64,1
LF:4
LH:4
BRF:0
BRH:0
end_of_record
TN:
SF:src/parser/ui/ResourceGenerated.js
FN:3,(anonymous_0)
FNF:1
FNH:0
FNDA:0,(anonymous_0)
DA:3,1
DA:4,0
DA:6,0
DA:22,1
DA:31,1
LF:5
LH:3
BRDA:8,0,0,0
BRDA:8,0,1,0
BRDA:11,1,0,0
BRDA:11,1,1,0
BRDA:13,2,0,0
BRDA:13,2,1,0
BRF:6
BRH:0
end_of_record
TN:
SF:src/parser/ui/STATISTIC_CATEGORY.ts
FNF:0
FNH:0
LF:0
LH:0
BRF:0
BRH:0
end_of_record
TN:
SF:src/parser/ui/STATISTIC_ORDER.js
FN:2,(anonymous_0)
FN:6,(anonymous_1)
FN:9,(anonymous_2)
FNF:3
FNH:3
FNDA:211,(anonymous_0)
FNDA:114,(anonymous_1)
FNDA:23,(anonymous_2)
DA:3,211
DA:7,114
DA:10,23
LF:3
LH:3
BRDA:2,0,0,18
BRDA:6,1,0,25
BRDA:9,2,0,22
BRF:3
BRH:3
end_of_record
TN:
SF:src/parser/ui/Statistic.tsx
FN:49,(anonymous_0)
FN:58,(anonymous_1)
FN:66,(anonymous_2)
FN:72,(anonymous_3)
FN:92,(anonymous_4)
FN:111,(anonymous_5)
FNF:6
FNH:4
FNDA:298,(anonymous_0)
FNDA:0,(anonymous_1)
FNDA:0,(anonymous_2)
FNDA:2,(anonymous_3)
FNDA:35,(anonymous_4)
FNDA:298,(anonymous_5)
DA:42,26
DA:50,298
DA:51,298
DA:55,298
DA:59,0
DA:60,0
DA:67,0
DA:73,2
DA:75,2
DA:93,35
DA:122,298
DA:124,298
LF:12
LH:9
BRDA:59,0,0,0
BRDA:59,0,1,0
BRDA:78,1,0,1
BRDA:78,1,1,1
BRDA:97,2,0,35
BRDA:97,2,1,0
BRDA:103,3,0,35
BRDA:103,3,1,35
BRDA:104,4,0,35
BRDA:104,4,1,0
BRDA:127,5,0,2
BRDA:127,5,1,296
BRDA:129,6,0,0
BRDA:129,6,1,296
BRDA:137,7,0,35
BRDA:137,7,1,263
BRDA:137,8,0,0
BRDA:137,8,1,35
BRDA:142,9,0,298
BRDA:142,9,1,35
BRDA:144,10,0,298
BRDA:144,10,1,181
BRDA:151,11,0,298
BRDA:151,11,1,2
BRF:24
BRH:18
end_of_record
TN:
SF:src/parser/ui/StatisticBar.tsx
FN:17,(anonymous_0)
FNF:1
FNH:1
FNDA:76,(anonymous_0)
DA:17,26
DA:18,76
LF:2
LH:2
BRDA:20,0,0,66
BRDA:20,0,1,10
BRDA:22,1,0,10
BRDA:22,1,1,0
BRF:4
BRH:3
end_of_record
TN:
SF:src/parser/ui/StatisticBox.js
FN:31,(anonymous_0)
FN:40,(anonymous_1)
FN:48,(anonymous_2)
FN:54,(anonymous_3)
FNF:4
FNH:2
FNDA:28,(anonymous_0)
FNDA:0,(anonymous_1)
FNDA:0,(anonymous_2)
FNDA:28,(anonymous_3)
DA:14,26
DA:26,26
DA:32,28
DA:33,28
DA:37,28
DA:41,0
DA:42,0
DA:49,0
DA:55,28
DA:56,28
DA:57,28
DA:59,28
LF:12
LH:9
BRDA:41,0,0,0
BRDA:41,0,1,0
BRDA:63,1,0,0
BRDA:63,1,1,28
BRDA:71,2,0,28
BRDA:71,2,1,14
BRDA:73,3,0,28
BRDA:73,3,1,0
BRDA:77,4,0,0
BRDA:77,4,1,0
BRDA:83,5,0,0
BRDA:83,5,1,0
BRDA:84,6,0,0
BRDA:84,6,1,0
BRF:14
BRH:4
end_of_record
TN:
SF:src/parser/ui/StatisticGroup.js
FN:4,(anonymous_0)
FNF:1
FNH:1
FNDA:23,(anonymous_0)
DA:4,26
DA:5,23
DA:13,26
LF:3
LH:3
BRDA:6,0,0,22
BRDA:6,0,1,1
BRF:2
BRH:2
end_of_record
TN:
SF:src/parser/ui/StatisticListBoxItem.js
FN:7,(anonymous_0)
FNF:1
FNH:0
FNDA:0,(anonymous_0)
DA:7,0
DA:8,0
DA:17,0
LF:3
LH:0
BRDA:10,0,0,0
BRDA:10,0,1,0
BRDA:13,1,0,0
BRDA:13,1,1,0
BRF:4
BRH:0
end_of_record
TN:
SF:src/parser/ui/StatisticWrapper.js
FN:4,(anonymous_0)
FNF:1
FNH:0
FNDA:0,(anonymous_0)
DA:4,0
LF:1
LH:0
BRF:0
BRH:0
end_of_record
TN:
SF:src/parser/ui/StatisticsListBox.js
FN:12,(anonymous_0)
FNF:1
FNH:0
FNDA:0,(anonymous_0)
DA:12,3
DA:13,0
DA:14,0
DA:15,0
DA:30,3
DA:38,3
LF:6
LH:3
BRDA:18,0,0,0
BRDA:18,0,1,0
BRDA:20,1,0,0
BRDA:20,1,1,0
BRF:4
BRH:0
end_of_record
TN:
SF:src/parser/ui/TalentStatisticBox.js
FN:13,(anonymous_0)
FNF:1
FNH:1
FNDA:2,(anonymous_0)
DA:13,2
DA:14,2
DA:20,2
DA:31,2
LF:4
LH:4
BRDA:16,0,0,2
BRDA:16,0,1,2
BRDA:17,1,0,2
BRDA:17,1,1,0
BRF:4
BRH:3
end_of_record
TN:
SF:src/parser/ui/ThroughputPerformance.ts
FN:32,(anonymous_0)
FN:40,(anonymous_1)
FN:44,(anonymous_2)
FN:62,(anonymous_3)
FN:83,(anonymous_4)
FN:96,(anonymous_5)
FN:113,(anonymous_6)
FN:117,(anonymous_7)
FNF:8
FNH:4
FNDA:44,(anonymous_0)
FNDA:44,(anonymous_1)
FNDA:44,(anonymous_2)
FNDA:0,(anonymous_3)
FNDA:0,(anonymous_4)
FNDA:0,(anonymous_5)
FNDA:0,(anonymous_6)
FNDA:44,(anonymous_7)
DA:10,26
DA:11,26
DA:12,26
DA:13,26
DA:28,26
DA:33,44
DA:34,44
DA:41,44
DA:45,44
DA:46,44
DA:48,44
DA:50,0
DA:52,0
DA:53,0
DA:54,0
DA:59,0
DA:61,0
DA:62,0
DA:63,0
DA:65,0
DA:72,0
DA:76,0
DA:84,0
DA:87,0
DA:99,0
DA:101,0
DA:103,0
DA:105,0
DA:111,0
DA:114,0
DA:118,44
DA:120,44
LF:32
LH:13
BRDA:46,0,0,44
BRDA:46,0,1,0
BRDA:53,1,0,0
BRDA:53,1,1,0
BRDA:67,2,0,0
BRDA:67,2,1,0
BRDA:111,3,0,0
BRDA:111,3,1,0
BRF:8
BRH:1
end_of_record
TN:
SF:src/parser/ui/TraitStatisticBox.js
FN:13,(anonymous_0)
FNF:1
FNH:1
FNDA:1,(anonymous_0)
DA:13,1
DA:14,1
DA:20,1
DA:31,1
LF:4
LH:4
BRDA:16,0,0,1
BRDA:16,0,1,1
BRDA:17,1,0,1
BRDA:17,1,1,1
BRF:4
BRH:4
end_of_record
TN:
SF:src/parser/ui/UptimeBar.tsx
FN:21,(anonymous_0)
FN:32,(anonymous_1)
FN:53,getSegmentStyle
FNF:3
FNH:3
FNDA:11,(anonymous_0)
FNDA:44,(anonymous_1)
FNDA:44,getSegmentStyle
DA:21,4
DA:29,11
DA:30,11
DA:33,44
DA:34,44
DA:35,44
DA:60,44
LF:7
LH:7
BRDA:34,0,0,44
BRDA:34,0,1,0
BRDA:35,1,0,0
BRDA:35,1,1,44
BRDA:60,2,0,0
BRDA:60,2,1,44
BRF:6
BRH:3
end_of_record
TN:
SF:src/parser/ui/UptimeBarSubStatistic.tsx
FN:38,uptimeBarSubStatistic
FN:65,(anonymous_1)
FN:86,getCombinedUptime
FN:87,(anonymous_3)
FN:90,formatPercentUptime
FN:94,getSubUptimeIcon
FN:95,(anonymous_6)
FNF:7
FNH:0
FNDA:0,uptimeBarSubStatistic
FNDA:0,(anonymous_1)
FNDA:0,getCombinedUptime
FNDA:0,(anonymous_3)
FNDA:0,formatPercentUptime
FNDA:0,getSubUptimeIcon
FNDA:0,(anonymous_6)
DA:44,0
DA:45,0
DA:47,0
DA:48,0
DA:66,0
DA:87,0
DA:91,0
DA:95,0
DA:96,0
LF:9
LH:0
BRDA:47,0,0,0
BRDA:47,0,1,0
BRF:2
BRH:0
end_of_record
TN:
SF:src/parser/ui/UptimeMultiBarStatistic.tsx
FN:17,(anonymous_0)
FNF:1
FNH:0
FNDA:0,(anonymous_0)
DA:17,0
DA:18,0
LF:2
LH:0
BRF:0
BRH:0
end_of_record
TN:
SF:src/parser/ui/UptimeStackBar.tsx
FN:35,(anonymous_0)
FN:50,(anonymous_1)
FN:85,(anonymous_2)
FN:108,getSegmentStyle
FNF:4
FNH:0
FNDA:0,(anonymous_0)
FNDA:0,(anonymous_1)
FNDA:0,(anonymous_2)
FNDA:0,getSegmentStyle
DA:35,0
DA:46,0
DA:47,0
DA:51,0
DA:52,0
DA:53,0
DA:86,0
DA:87,0
DA:88,0
DA:118,0
DA:120,0
DA:126,0
DA:127,0
DA:129,0
DA:130,0
DA:132,0
LF:16
LH:0
BRDA:49,0,0,0
BRDA:49,0,1,0
BRDA:52,1,0,0
BRDA:52,1,1,0
BRDA:53,2,0,0
BRDA:53,2,1,0
BRDA:87,3,0,0
BRDA:87,3,1,0
BRDA:126,4,0,0
BRDA:126,4,1,0
BRDA:129,5,0,0
BRDA:129,5,1,0
BRF:12
BRH:0
end_of_record
